<?xml version="1.0" encoding="UTF-8"?>
<testsuite name="com.uangteman.vendor.VendorServiceApplicationTests" tests="1" skipped="0" failures="0" errors="0" timestamp="2018-01-22T03:49:51" hostname="maryosandoz.local" time="0.055">
  <properties/>
  <testcase name="contextLoads" classname="com.uangteman.vendor.VendorServiceApplicationTests" time="0.055"/>
  <system-out><![CDATA[10:49:36.942 [Test worker] DEBUG org.springframework.test.context.junit4.SpringJUnit4ClassRunner - SpringJUnit4ClassRunner constructor called with [class com.uangteman.vendor.VendorServiceApplicationTests]
10:49:36.951 [Test worker] DEBUG org.springframework.test.context.BootstrapUtils - Instantiating CacheAwareContextLoaderDelegate from class [org.springframework.test.context.cache.DefaultCacheAwareContextLoaderDelegate]
10:49:36.962 [Test worker] DEBUG org.springframework.test.context.BootstrapUtils - Instantiating BootstrapContext using constructor [public org.springframework.test.context.support.DefaultBootstrapContext(java.lang.Class,org.springframework.test.context.CacheAwareContextLoaderDelegate)]
10:49:36.976 [Test worker] DEBUG org.springframework.test.context.BootstrapUtils - Instantiating TestContextBootstrapper for test class [com.uangteman.vendor.VendorServiceApplicationTests] from class [org.springframework.boot.test.context.SpringBootTestContextBootstrapper]
10:49:36.999 [Test worker] INFO org.springframework.boot.test.context.SpringBootTestContextBootstrapper - Neither @ContextConfiguration nor @ContextHierarchy found for test class [com.uangteman.vendor.VendorServiceApplicationTests], using SpringBootContextLoader
10:49:37.003 [Test worker] DEBUG org.springframework.test.context.support.AbstractContextLoader - Did not detect default resource location for test class [com.uangteman.vendor.VendorServiceApplicationTests]: class path resource [com/uangteman/vendor/VendorServiceApplicationTests-context.xml] does not exist
10:49:37.003 [Test worker] DEBUG org.springframework.test.context.support.AbstractContextLoader - Did not detect default resource location for test class [com.uangteman.vendor.VendorServiceApplicationTests]: class path resource [com/uangteman/vendor/VendorServiceApplicationTestsContext.groovy] does not exist
10:49:37.004 [Test worker] INFO org.springframework.test.context.support.AbstractContextLoader - Could not detect default resource locations for test class [com.uangteman.vendor.VendorServiceApplicationTests]: no resource found for suffixes {-context.xml, Context.groovy}.
10:49:37.007 [Test worker] INFO org.springframework.test.context.support.AnnotationConfigContextLoaderUtils - Could not detect default configuration classes for test class [com.uangteman.vendor.VendorServiceApplicationTests]: VendorServiceApplicationTests does not declare any static, non-private, non-final, nested classes annotated with @Configuration.
10:49:37.052 [Test worker] DEBUG org.springframework.test.context.support.ActiveProfilesUtils - Could not find an 'annotation declaring class' for annotation type [org.springframework.test.context.ActiveProfiles] and class [com.uangteman.vendor.VendorServiceApplicationTests]
10:49:37.059 [Test worker] DEBUG org.springframework.core.env.StandardEnvironment - Adding PropertySource 'systemProperties' with lowest search precedence
10:49:37.060 [Test worker] DEBUG org.springframework.core.env.StandardEnvironment - Adding PropertySource 'systemEnvironment' with lowest search precedence
10:49:37.061 [Test worker] DEBUG org.springframework.core.env.StandardEnvironment - Initialized StandardEnvironment with PropertySources [MapPropertySource@960419413 {name='systemProperties', properties={java.runtime.name=Java(TM) SE Runtime Environment, sun.boot.library.path=/Library/Java/JavaVirtualMachines/jdk1.8.0_102.jdk/Contents/Home/jre/lib, java.vm.version=25.102-b14, gopherProxySet=false, java.vm.vendor=Oracle Corporation, java.vendor.url=http://java.oracle.com/, path.separator=:, java.vm.name=Java HotSpot(TM) 64-Bit Server VM, file.encoding.pkg=sun.io, sun.java.launcher=SUN_STANDARD, user.country=US, sun.os.patch.level=unknown, java.vm.specification.name=Java Virtual Machine Specification, user.dir=/Users/maryosandoz/git/ut-revamp-vendor-service, java.runtime.version=1.8.0_102-b14, java.awt.graphicsenv=sun.awt.CGraphicsEnvironment, java.endorsed.dirs=/Library/Java/JavaVirtualMachines/jdk1.8.0_102.jdk/Contents/Home/jre/lib/endorsed, os.arch=x86_64, java.io.tmpdir=/var/folders/hv/znyzyh1534l_n5gnwggj69040000gp/T/, line.separator=
, java.vm.specification.vendor=Oracle Corporation, user.variant=, os.name=Mac OS X, sun.jnu.encoding=UTF-8, java.library.path=/Users/maryosandoz/Library/Java/Extensions:/Library/Java/Extensions:/Network/Library/Java/Extensions:/System/Library/Java/Extensions:/usr/lib/java:., java.specification.name=Java Platform API Specification, java.class.version=52.0, org.gradle.native=false, sun.management.compiler=HotSpot 64-Bit Tiered Compilers, os.version=10.11.6, http.nonProxyHosts=local|*.local|169.254/16|*.169.254/16, user.home=/Users/maryosandoz, user.timezone=Asia/Jakarta, java.awt.printerjob=sun.lwawt.macosx.CPrinterJob, file.encoding=UTF-8, java.specification.version=1.8, java.class.path=/Users/maryosandoz/git/ut-revamp-vendor-service/build/classes/java/test:/Users/maryosandoz/git/ut-revamp-vendor-service/build/resources/test:/Users/maryosandoz/git/ut-revamp-vendor-service/build/classes/java/main:/Users/maryosandoz/git/ut-revamp-vendor-service/build/resources/main:/Users/maryosandoz/git/ut-revamp-common-utils/build/libs/ut-common-utils.jar:/Users/maryosandoz/.gradle/caches/modules-2/files-2.1/org.springframework.boot/spring-boot-starter-data-rest/1.5.8.RELEASE/72990d72d39b3397a131bb1975f80df87e7eb896/spring-boot-starter-data-rest-1.5.8.RELEASE.jar:/Users/maryosandoz/.gradle/caches/modules-2/files-2.1/org.springframework.boot/spring-boot-starter-data-jpa/1.5.8.RELEASE/55bb5e8aea5707f79ee9888ad75261a7b7df4654/spring-boot-starter-data-jpa-1.5.8.RELEASE.jar:/Users/maryosandoz/.gradle/caches/modules-2/files-2.1/org.springframework.boot/spring-boot-starter-actuator/1.5.8.RELEASE/927c40a1af518dc240dfdf7aaf0a9673c3a127c5/spring-boot-starter-actuator-1.5.8.RELEASE.jar:/Users/maryosandoz/.gradle/caches/modules-2/files-2.1/org.springframework.boot/spring-boot-starter-web/1.5.8.RELEASE/7e0dc79e3b47be4539ad3c033639133ae6b7a17e/spring-boot-starter-web-1.5.8.RELEASE.jar:/Users/maryosandoz/.gradle/caches/modules-2/files-2.1/io.springfox/springfox-swagger2/2.7.0/dd28b7ce26af1209d6ef19f5f24a8c23b41ca6fc/springfox-swagger2-2.7.0.jar:/Users/maryosandoz/.gradle/caches/modules-2/files-2.1/io.springfox/springfox-swagger-ui/2.7.0/92608eb6c2056810b4e3189196b4e8cce645d6de/springfox-swagger-ui-2.7.0.jar:/Users/maryosandoz/.gradle/caches/modules-2/files-2.1/com.zaxxer/HikariCP/2.7.2/8eadf835d2f74c30b75ffcb2693bb6853b85cf1e/HikariCP-2.7.2.jar:/Users/maryosandoz/.gradle/caches/modules-2/files-2.1/org.springframework.boot/spring-boot-devtools/1.5.8.RELEASE/ea212262e3ae47e76fa176358fcf9ee2780b80da/spring-boot-devtools-1.5.8.RELEASE.jar:/Users/maryosandoz/.gradle/caches/modules-2/files-2.1/mysql/mysql-connector-java/5.1.44/61b6b998192c85bb581c6be90e03dcd4b9079db4/mysql-connector-java-5.1.44.jar:/Users/maryosandoz/.gradle/caches/modules-2/files-2.1/org.springframework.boot/spring-boot-starter-test/1.5.8.RELEASE/20b767f594924b32950286f1236ab7d68ff861f9/spring-boot-starter-test-1.5.8.RELEASE.jar:/Users/maryosandoz/.gradle/caches/modules-2/files-2.1/org.springframework.boot/spring-boot-starter-aop/1.5.8.RELEASE/9bc9a40e0718726ed48f6becc509b2d186f1ebcc/spring-boot-starter-aop-1.5.8.RELEASE.jar:/Users/maryosandoz/.gradle/caches/modules-2/files-2.1/org.springframework.boot/spring-boot-starter-jdbc/1.5.8.RELEASE/fc98631eba9817c920b9ac1c5845214f49637a33/spring-boot-starter-jdbc-1.5.8.RELEASE.jar:/Users/maryosandoz/.gradle/caches/modules-2/files-2.1/org.springframework.boot/spring-boot-starter/1.5.8.RELEASE/18048efe1f06569022a53cc3fb2fe9c0162935a3/spring-boot-starter-1.5.8.RELEASE.jar:/Users/maryosandoz/.gradle/caches/modules-2/files-2.1/org.springframework.data/spring-data-rest-webmvc/2.6.8.RELEASE/50c58b901f47fb43a9dc8e7073e906d533b0d42/spring-data-rest-webmvc-2.6.8.RELEASE.jar:/Users/maryosandoz/.gradle/caches/modules-2/files-2.1/org.springframework.boot/spring-boot-actuator/1.5.8.RELEASE/aac530fe877ed91c92831019755c49f29b08e6/spring-boot-actuator-1.5.8.RELEASE.jar:/Users/maryosandoz/.gradle/caches/modules-2/files-2.1/com.fasterxml.jackson.core/jackson-databind/2.8.10/f7b83cb2bc4b88d53961e749e1ad32f49ef017b7/jackson-databind-2.8.10.jar:/Users/maryosandoz/.gradle/caches/modules-2/files-2.1/io.springfox/springfox-swagger-common/2.7.0/5a632aecc733753887f90592382fa271e546062a/springfox-swagger-common-2.7.0.jar:/Users/maryosandoz/.gradle/caches/modules-2/files-2.1/io.swagger/swagger-models/1.5.13/571a0046f35f9dac569a1870465248595e33ccdb/swagger-models-1.5.13.jar:/Users/maryosandoz/.gradle/caches/modules-2/files-2.1/org.springframework.data/spring-data-rest-core/2.6.8.RELEASE/8eda1a9722d14838bc76191638ee225619bea085/spring-data-rest-core-2.6.8.RELEASE.jar:/Users/maryosandoz/.gradle/caches/modules-2/files-2.1/com.fasterxml.jackson.core/jackson-annotations/2.8.0/45b426f7796b741035581a176744d91090e2e6fb/jackson-annotations-2.8.0.jar:/Users/maryosandoz/.gradle/caches/modules-2/files-2.1/org.hibernate/hibernate-entitymanager/5.0.12.Final/302a526f5058290e9cbd719a5caf9f248d344719/hibernate-entitymanager-5.0.12.Final.jar:/Users/maryosandoz/.gradle/caches/modules-2/files-2.1/org.hibernate/hibernate-core/5.0.12.Final/e58bf1c660e6706d8e2cbb53bae110f574366102/hibernate-core-5.0.12.Final.jar:/Users/maryosandoz/.gradle/caches/modules-2/files-2.1/javax.transaction/javax.transaction-api/1.2/d81aff979d603edd90dcd8db2abc1f4ce6479e3e/javax.transaction-api-1.2.jar:/Users/maryosandoz/.gradle/caches/modules-2/files-2.1/org.springframework.data/spring-data-jpa/1.11.8.RELEASE/d674b8407de3d2998c106557fd6a6665de2bc217/spring-data-jpa-1.11.8.RELEASE.jar:/Users/maryosandoz/.gradle/caches/modules-2/files-2.1/org.springframework/spring-aspects/4.3.12.RELEASE/b0002bfdd0d58f09fc178afc5f2d0553ff117840/spring-aspects-4.3.12.RELEASE.jar:/Users/maryosandoz/.gradle/caches/modules-2/files-2.1/org.springframework.boot/spring-boot-starter-tomcat/1.5.8.RELEASE/cf3b7eb7e192a60ab1dd09e4f8bce82710a5feb0/spring-boot-starter-tomcat-1.5.8.RELEASE.jar:/Users/maryosandoz/.gradle/caches/modules-2/files-2.1/org.hibernate/hibernate-validator/5.3.5.Final/622a9bcef2eed6d41b5b8e0662c36212009e375/hibernate-validator-5.3.5.Final.jar:/Users/maryosandoz/.gradle/caches/modules-2/files-2.1/org.springframework.hateoas/spring-hateoas/0.23.0.RELEASE/678ffa0798f417a794fea592dc8066e325611919/spring-hateoas-0.23.0.RELEASE.jar:/Users/maryosandoz/.gradle/caches/modules-2/files-2.1/org.springframework/spring-webmvc/4.3.12.RELEASE/986e5dcd4435e780f6be64f8185eaa51523cf851/spring-webmvc-4.3.12.RELEASE.jar:/Users/maryosandoz/.gradle/caches/modules-2/files-2.1/org.springframework/spring-web/4.3.12.RELEASE/86c29588cca74d0fc848b194cb13fcdfd12bc990/spring-web-4.3.12.RELEASE.jar:/Users/maryosandoz/.gradle/caches/modules-2/files-2.1/io.swagger/swagger-annotations/1.5.13/72433c890a61a876d22063e269be421c810a1a8d/swagger-annotations-1.5.13.jar:/Users/maryosandoz/.gradle/caches/modules-2/files-2.1/io.springfox/springfox-schema/2.7.0/aab297a6781e829b9d6bac514a4dc860966c3c8d/springfox-schema-2.7.0.jar:/Users/maryosandoz/.gradle/caches/modules-2/files-2.1/io.springfox/springfox-spring-web/2.7.0/a54be5572b6b5210f6892e13d6b136dde5e96bf6/springfox-spring-web-2.7.0.jar:/Users/maryosandoz/.gradle/caches/modules-2/files-2.1/io.springfox/springfox-spi/2.7.0/dab14edcb863dd506278dc950908b4f684e93b7/springfox-spi-2.7.0.jar:/Users/maryosandoz/.gradle/caches/modules-2/files-2.1/io.springfox/springfox-core/2.7.0/f3e6d1cf5170b4b56ee0a00c1b3b05221f2ecb96/springfox-core-2.7.0.jar:/Users/maryosandoz/.gradle/caches/modules-2/files-2.1/org.reflections/reflections/0.9.11/23bba0ff497ec61fbca967d9b641c7681a71edb3/reflections-0.9.11.jar:/Users/maryosandoz/.gradle/caches/modules-2/files-2.1/com.google.guava/guava/20.0/89507701249388e1ed5ddcf8c41f4ce1be7831ef/guava-20.0.jar:/Users/maryosandoz/.gradle/caches/modules-2/files-2.1/com.fasterxml/classmate/1.3.4/3d5f48f10bbe4eb7bd862f10c0583be2e0053c6/classmate-1.3.4.jar:/Users/maryosandoz/.gradle/caches/modules-2/files-2.1/org.springframework.plugin/spring-plugin-metadata/1.2.0.RELEASE/97223fc496b6cab31602eedbd4202aa4fff0d44f/spring-plugin-metadata-1.2.0.RELEASE.jar:/Users/maryosandoz/.gradle/caches/modules-2/files-2.1/org.springframework.plugin/spring-plugin-core/1.2.0.RELEASE/f380e7760032e7d929184f8ad8a33716b75c0657/spring-plugin-core-1.2.0.RELEASE.jar:/Users/maryosandoz/.gradle/caches/modules-2/files-2.1/com.jayway.jsonpath/json-path/2.2.0/22290d17944bd239fabf5ac69005a60a7ecbbbcb/json-path-2.2.0.jar:/Users/maryosandoz/.gradle/caches/modules-2/files-2.1/org.springframework.boot/spring-boot-starter-logging/1.5.8.RELEASE/ebc00a0e46753d90431fdcc5e3d6b9fd3bf1564a/spring-boot-starter-logging-1.5.8.RELEASE.jar:/Users/maryosandoz/.gradle/caches/modules-2/files-2.1/org.springframework.data/spring-data-commons/1.13.8.RELEASE/2853e3c38e02d42529f6c8b247d7bace40c25642/spring-data-commons-1.13.8.RELEASE.jar:/Users/maryosandoz/.gradle/caches/modules-2/files-2.1/org.slf4j/jcl-over-slf4j/1.7.25/f8c32b13ff142a513eeb5b6330b1588dcb2c0461/jcl-over-slf4j-1.7.25.jar:/Users/maryosandoz/.gradle/caches/modules-2/files-2.1/ch.qos.logback/logback-classic/1.1.11/ccedfbacef4a6515d2983e3f89ed753d5d4fb665/logback-classic-1.1.11.jar:/Users/maryosandoz/.gradle/caches/modules-2/files-2.1/org.slf4j/jul-to-slf4j/1.7.25/af5364cd6679bfffb114f0dec8a157aaa283b76/jul-to-slf4j-1.7.25.jar:/Users/maryosandoz/.gradle/caches/modules-2/files-2.1/org.slf4j/log4j-over-slf4j/1.7.25/a87bb47468f47ee7aabbd54f93e133d4215769c3/log4j-over-slf4j-1.7.25.jar:/Users/maryosandoz/.gradle/caches/modules-2/files-2.1/org.slf4j/slf4j-api/1.7.25/da76ca59f6a57ee3102f8f9bd9cee742973efa8a/slf4j-api-1.7.25.jar:/Users/maryosandoz/.gradle/caches/modules-2/files-2.1/org.mapstruct/mapstruct/1.1.0.Final/65b81fa5234e1fd8461b77bbccee7b9ebc0bbbb2/mapstruct-1.1.0.Final.jar:/Users/maryosandoz/.gradle/caches/modules-2/files-2.1/org.springframework.boot/spring-boot-test-autoconfigure/1.5.8.RELEASE/a8f986cc4b6ecef1417fe50c20984f12f54d15cc/spring-boot-test-autoconfigure-1.5.8.RELEASE.jar:/Users/maryosandoz/.gradle/caches/modules-2/files-2.1/org.springframework.boot/spring-boot-autoconfigure/1.5.8.RELEASE/e4f2efa4c319f4e3613d94fbccfdb5ccda6873e3/spring-boot-autoconfigure-1.5.8.RELEASE.jar:/Users/maryosandoz/.gradle/caches/modules-2/files-2.1/org.springframework.boot/spring-boot-test/1.5.8.RELEASE/17dedee86d1a9e9bd409d715fd90650ca1049659/spring-boot-test-1.5.8.RELEASE.jar:/Users/maryosandoz/.gradle/caches/modules-2/files-2.1/org.springframework.boot/spring-boot/1.5.8.RELEASE/748ebde51761e12627ad23d064024f342b18f9b4/spring-boot-1.5.8.RELEASE.jar:/Users/maryosandoz/.gradle/caches/modules-2/files-2.1/junit/junit/4.12/2973d150c0dc1fefe998f834810d68f278ea58ec/junit-4.12.jar:/Users/maryosandoz/.gradle/caches/modules-2/files-2.1/org.assertj/assertj-core/2.6.0/b532c3fc4f66bcfee4989a3514f1cd56203a33ad/assertj-core-2.6.0.jar:/Users/maryosandoz/.gradle/caches/modules-2/files-2.1/org.mockito/mockito-core/1.10.19/e8546f5bef4e061d8dd73895b4e8f40e3fe6effe/mockito-core-1.10.19.jar:/Users/maryosandoz/.gradle/caches/modules-2/files-2.1/org.hamcrest/hamcrest-library/1.3/4785a3c21320980282f9f33d0d1264a69040538f/hamcrest-library-1.3.jar:/Users/maryosandoz/.gradle/caches/modules-2/files-2.1/org.hamcrest/hamcrest-core/1.3/42a25dc3219429f0e5d060061f71acb49bf010a0/hamcrest-core-1.3.jar:/Users/maryosandoz/.gradle/caches/modules-2/files-2.1/org.skyscreamer/jsonassert/1.4.0/9cdbb373a06f6513e51e8c545ee6a5e981463edb/jsonassert-1.4.0.jar:/Users/maryosandoz/.gradle/caches/modules-2/files-2.1/org.springframework/spring-test/4.3.12.RELEASE/825a7ac1014528db722a6cc94cceaef2410cb314/spring-test-4.3.12.RELEASE.jar:/Users/maryosandoz/.gradle/caches/modules-2/files-2.1/org.springframework/spring-orm/4.3.12.RELEASE/47bbe35a92944aeedf06a388098581272f8db9bd/spring-orm-4.3.12.RELEASE.jar:/Users/maryosandoz/.gradle/caches/modules-2/files-2.1/org.springframework/spring-jdbc/4.3.12.RELEASE/5c840abbdc1a1dfd0f79c4a4c25eac0c98e6af22/spring-jdbc-4.3.12.RELEASE.jar:/Users/maryosandoz/.gradle/caches/modules-2/files-2.1/org.springframework/spring-context/4.3.12.RELEASE/5e6d26f36636f36b7efec1d6a0c5991284fbd95b/spring-context-4.3.12.RELEASE.jar:/Users/maryosandoz/.gradle/caches/modules-2/files-2.1/org.springframework/spring-tx/4.3.12.RELEASE/7147b6839b2bf9db3621b79c73b4dddbe69572b6/spring-tx-4.3.12.RELEASE.jar:/Users/maryosandoz/.gradle/caches/modules-2/files-2.1/org.springframework/spring-aop/4.3.12.RELEASE/b3fef085902993c2ef874c45c7bfd79296d5a5a4/spring-aop-4.3.12.RELEASE.jar:/Users/maryosandoz/.gradle/caches/modules-2/files-2.1/org.springframework/spring-beans/4.3.12.RELEASE/547dd432d47d0f01d9ccbedc4b705f9f7c1240a/spring-beans-4.3.12.RELEASE.jar:/Users/maryosandoz/.gradle/caches/modules-2/files-2.1/org.springframework/spring-expression/4.3.12.RELEASE/790f69f6ad7f9da8d4a92c603ad7244c398c8309/spring-expression-4.3.12.RELEASE.jar:/Users/maryosandoz/.gradle/caches/modules-2/files-2.1/org.springframework/spring-core/4.3.12.RELEASE/4cebc69478c6d350dbd5af28e3db7d5694f416e3/spring-core-4.3.12.RELEASE.jar:/Users/maryosandoz/.gradle/caches/modules-2/files-2.1/org.yaml/snakeyaml/1.17/7a27ea250c5130b2922b86dea63cbb1cc10a660c/snakeyaml-1.17.jar:/Users/maryosandoz/.gradle/caches/modules-2/files-2.1/com.fasterxml.jackson.core/jackson-core/2.8.10/eb21a035c66ad307e66ec8fce37f5d50fd62d039/jackson-core-2.8.10.jar:/Users/maryosandoz/.gradle/caches/modules-2/files-2.1/org.aspectj/aspectjweaver/1.8.11/9807e0e13c8a295f15882721db50fa3d142c44a9/aspectjweaver-1.8.11.jar:/Users/maryosandoz/.gradle/caches/modules-2/files-2.1/org.apache.tomcat/tomcat-jdbc/8.5.23/6036400a8f2d90dd3ae3a4d09e5136c56002887b/tomcat-jdbc-8.5.23.jar:/Users/maryosandoz/.gradle/caches/modules-2/files-2.1/org.hibernate.common/hibernate-commons-annotations/5.0.1.Final/71e1cff3fcb20d3b3af4f3363c3ddb24d33c6879/hibernate-commons-annotations-5.0.1.Final.jar:/Users/maryosandoz/.gradle/caches/modules-2/files-2.1/org.jboss.logging/jboss-logging/3.3.1.Final/c46217ab74b532568c0ed31dc599db3048bd1b67/jboss-logging-3.3.1.Final.jar:/Users/maryosandoz/.gradle/caches/modules-2/files-2.1/org.hibernate.javax.persistence/hibernate-jpa-2.1-api/1.0.0.Final/5e731d961297e5a07290bfaf3db1fbc8bbbf405a/hibernate-jpa-2.1-api-1.0.0.Final.jar:/Users/maryosandoz/.gradle/caches/modules-2/files-2.1/org.javassist/javassist/3.21.0-GA/598244f595db5c5fb713731eddbb1c91a58d959b/javassist-3.21.0-GA.jar:/Users/maryosandoz/.gradle/caches/modules-2/files-2.1/antlr/antlr/2.7.7/83cd2cd674a217ade95a4bb83a8a14f351f48bd0/antlr-2.7.7.jar:/Users/maryosandoz/.gradle/caches/modules-2/files-2.1/org.jboss/jandex/2.0.0.Final/3e899258936f94649c777193e1be846387ed54b3/jandex-2.0.0.Final.jar:/Users/maryosandoz/.gradle/caches/modules-2/files-2.1/dom4j/dom4j/1.6.1/5d3ccc056b6f056dbf0dddfdf43894b9065a8f94/dom4j-1.6.1.jar:/Users/maryosandoz/.gradle/caches/modules-2/files-2.1/org.apache.tomcat.embed/tomcat-embed-websocket/8.5.23/52f07abcae10dc7e1764304b0877def175c2c833/tomcat-embed-websocket-8.5.23.jar:/Users/maryosandoz/.gradle/caches/modules-2/files-2.1/org.apache.tomcat.embed/tomcat-embed-core/8.5.23/79261793a47f507890ee08f749b9d81774e4f7f0/tomcat-embed-core-8.5.23.jar:/Users/maryosandoz/.gradle/caches/modules-2/files-2.1/org.apache.tomcat.embed/tomcat-embed-el/8.5.23/98d979cde444dffa6d434c8377d0123b2dfa614c/tomcat-embed-el-8.5.23.jar:/Users/maryosandoz/.gradle/caches/modules-2/files-2.1/javax.validation/validation-api/1.1.0.Final/8613ae82954779d518631e05daa73a6a954817d5/validation-api-1.1.0.Final.jar:/Users/maryosandoz/.gradle/caches/modules-2/files-2.1/net.minidev/json-smart/2.2.1/5b9e5df7a62d1279b70dc882b041d249c4f0b002/json-smart-2.2.1.jar:/Users/maryosandoz/.gradle/caches/modules-2/files-2.1/org.objenesis/objenesis/2.1/87c0ea803b69252868d09308b4618f766f135a96/objenesis-2.1.jar:/Users/maryosandoz/.gradle/caches/modules-2/files-2.1/com.vaadin.external.google/android-json/0.0.20131108.vaadin1/fa26d351fe62a6a17f5cda1287c1c6110dec413f/android-json-0.0.20131108.vaadin1.jar:/Users/maryosandoz/.gradle/caches/modules-2/files-2.1/org.atteo/evo-inflector/1.2.2/2551aad98d65ac5464d81fe05f0e1516cfe471c9/evo-inflector-1.2.2.jar:/Users/maryosandoz/.gradle/caches/modules-2/files-2.1/org.apache.tomcat/tomcat-juli/8.5.23/98e7f0610b7b2fb8303f11be0210e3f5a56a7d55/tomcat-juli-8.5.23.jar:/Users/maryosandoz/.gradle/caches/modules-2/files-2.1/org.apache.tomcat/tomcat-annotations-api/8.5.23/aaf17df9fe0240e9e9d5375d24d5f177174b73d9/tomcat-annotations-api-8.5.23.jar:/Users/maryosandoz/.gradle/caches/modules-2/files-2.1/net.bytebuddy/byte-buddy/1.6.14/871c3e49dc6183d0d361601c2f1d11abb1a6b48c/byte-buddy-1.6.14.jar:/Users/maryosandoz/.gradle/caches/modules-2/files-2.1/net.minidev/accessors-smart/1.1/a527213f2fea112a04c9bdf0ec0264e34104cd08/accessors-smart-1.1.jar:/Users/maryosandoz/.gradle/caches/modules-2/files-2.1/ch.qos.logback/logback-core/1.1.11/88b8df40340eed549fb07e2613879bf6b006704d/logback-core-1.1.11.jar:/Users/maryosandoz/.gradle/caches/modules-2/files-2.1/org.ow2.asm/asm/5.0.3/dcc2193db20e19e1feca8b1240dbbc4e190824fa/asm-5.0.3.jar, user.name=maryosandoz, java.vm.specification.version=1.8, sun.java.command=worker.org.gradle.process.internal.worker.GradleWorkerMain 'Gradle Test Executor 1', java.home=/Library/Java/JavaVirtualMachines/jdk1.8.0_102.jdk/Contents/Home/jre, sun.arch.data.model=64, user.language=en, java.specification.vendor=Oracle Corporation, awt.toolkit=sun.lwawt.macosx.LWCToolkit, java.vm.info=mixed mode, java.version=1.8.0_102, java.ext.dirs=/Users/maryosandoz/Library/Java/Extensions:/Library/Java/JavaVirtualMachines/jdk1.8.0_102.jdk/Contents/Home/jre/lib/ext:/Library/Java/Extensions:/Network/Library/Java/Extensions:/System/Library/Java/Extensions:/usr/lib/java, sun.boot.class.path=/Library/Java/JavaVirtualMachines/jdk1.8.0_102.jdk/Contents/Home/jre/lib/resources.jar:/Library/Java/JavaVirtualMachines/jdk1.8.0_102.jdk/Contents/Home/jre/lib/rt.jar:/Library/Java/JavaVirtualMachines/jdk1.8.0_102.jdk/Contents/Home/jre/lib/sunrsasign.jar:/Library/Java/JavaVirtualMachines/jdk1.8.0_102.jdk/Contents/Home/jre/lib/jsse.jar:/Library/Java/JavaVirtualMachines/jdk1.8.0_102.jdk/Contents/Home/jre/lib/jce.jar:/Library/Java/JavaVirtualMachines/jdk1.8.0_102.jdk/Contents/Home/jre/lib/charsets.jar:/Library/Java/JavaVirtualMachines/jdk1.8.0_102.jdk/Contents/Home/jre/lib/jfr.jar:/Library/Java/JavaVirtualMachines/jdk1.8.0_102.jdk/Contents/Home/jre/classes, java.vendor=Oracle Corporation, org.gradle.test.worker=1, file.separator=/, java.vendor.url.bug=http://bugreport.sun.com/bugreport/, sun.io.unicode.encoding=UnicodeBig, sun.cpu.endian=little, socksNonProxyHosts=local|*.local|169.254/16|*.169.254/16, ftp.nonProxyHosts=local|*.local|169.254/16|*.169.254/16, sun.cpu.isalist=}}, SystemEnvironmentPropertySource@1660058477 {name='systemEnvironment', properties={PATH=/Library/Frameworks/Python.framework/Versions/3.6/bin:/Users/maryosandoz/go/bin:/usr/local/sbin:/usr/local/bin:/usr/bin:/bin:/usr/sbin:/sbin:/Users/rahmatzailani/Library/Android/sdk:/Users/rahmatzailani/Library/Android/sdk/tools:/Users/rahmatzailani/Library/Android/sdk/platform-tools:/usr/local/go/bin:/usr/local/Cellar/mysql@5.6/5.6.37/bin/mysql, JAVA_HOME=/Library/Java/JavaVirtualMachines/jdk1.8.0_102.jdk/Contents/Home, TERM=xterm-256color, COMMAND_MODE=unix2003, ITERM_SESSION_ID=w0t1p0:E686D7E4-E82C-403F-9570-912D3438DC7D, COLORTERM=truecolor, LOGNAME=maryosandoz, XPC_SERVICE_NAME=0, PWD=/Users/maryosandoz/git/ut-revamp-vendor-service, TERM_PROGRAM_VERSION=3.1.5, JAVA_MAIN_CLASS_9238=org.gradle.launcher.GradleMain, SHELL=/bin/bash, JAVA_MAIN_CLASS_9254=worker.org.gradle.process.internal.worker.GradleWorkerMain, TERM_PROGRAM=iTerm.app, APP_ICON_9238=/usr/local/Cellar/gradle/4.1/libexec/media/gradle.icns, SECURITYSESSIONID=186a8, GOPATH=/Users/maryosandoz/go, OLDPWD=/usr/local/Cellar/gradle/4.1/libexec, USER=maryosandoz, APP_NAME_9238=Gradle, ITERM_PROFILE=Default, TMPDIR=/var/folders/hv/znyzyh1534l_n5gnwggj69040000gp/T/, SSH_AUTH_SOCK=/private/tmp/com.apple.launchd.fTpIxuxa5v/Listeners, XPC_FLAGS=0x0, TERM_SESSION_ID=w0t1p0:E686D7E4-E82C-403F-9570-912D3438DC7D, __CF_USER_TEXT_ENCODING=0x1F6:0x0:0x0, Apple_PubSub_Socket_Render=/private/tmp/com.apple.launchd.nAj2whZSkH/Render, LC_CTYPE=UTF-8, COLORFGBG=7;0, HOME=/Users/maryosandoz, SHLVL=1}}]
10:49:37.075 [Test worker] DEBUG org.springframework.core.io.support.PathMatchingResourcePatternResolver - Resolved classpath location [com/uangteman/vendor/] to resources [URL [file:/Users/maryosandoz/git/ut-revamp-vendor-service/build/classes/java/test/com/uangteman/vendor/], URL [file:/Users/maryosandoz/git/ut-revamp-vendor-service/build/classes/java/main/com/uangteman/vendor/]]
10:49:37.076 [Test worker] DEBUG org.springframework.core.io.support.PathMatchingResourcePatternResolver - Looking for matching resources in directory tree [/Users/maryosandoz/git/ut-revamp-vendor-service/build/classes/java/test/com/uangteman/vendor]
10:49:37.076 [Test worker] DEBUG org.springframework.core.io.support.PathMatchingResourcePatternResolver - Searching directory [/Users/maryosandoz/git/ut-revamp-vendor-service/build/classes/java/test/com/uangteman/vendor] for files matching pattern [/Users/maryosandoz/git/ut-revamp-vendor-service/build/classes/java/test/com/uangteman/vendor/*.class]
10:49:37.081 [Test worker] DEBUG org.springframework.core.io.support.PathMatchingResourcePatternResolver - Looking for matching resources in directory tree [/Users/maryosandoz/git/ut-revamp-vendor-service/build/classes/java/main/com/uangteman/vendor]
10:49:37.081 [Test worker] DEBUG org.springframework.core.io.support.PathMatchingResourcePatternResolver - Searching directory [/Users/maryosandoz/git/ut-revamp-vendor-service/build/classes/java/main/com/uangteman/vendor] for files matching pattern [/Users/maryosandoz/git/ut-revamp-vendor-service/build/classes/java/main/com/uangteman/vendor/*.class]
10:49:37.083 [Test worker] DEBUG org.springframework.core.io.support.PathMatchingResourcePatternResolver - Resolved location pattern [classpath*:com/uangteman/vendor/*.class] to resources [file [/Users/maryosandoz/git/ut-revamp-vendor-service/build/classes/java/test/com/uangteman/vendor/VendorServiceApplicationTests.class], file [/Users/maryosandoz/git/ut-revamp-vendor-service/build/classes/java/main/com/uangteman/vendor/VendorServiceApplication.class]]
10:49:37.131 [Test worker] DEBUG org.springframework.context.annotation.ClassPathScanningCandidateComponentProvider - Identified candidate component class: file [/Users/maryosandoz/git/ut-revamp-vendor-service/build/classes/java/main/com/uangteman/vendor/VendorServiceApplication.class]
10:49:37.133 [Test worker] INFO org.springframework.boot.test.context.SpringBootTestContextBootstrapper - Found @SpringBootConfiguration com.uangteman.vendor.VendorServiceApplication for test class com.uangteman.vendor.VendorServiceApplicationTests
10:49:37.139 [Test worker] DEBUG org.springframework.boot.test.context.SpringBootTestContextBootstrapper - @TestExecutionListeners is not present for class [com.uangteman.vendor.VendorServiceApplicationTests]: using defaults.
10:49:37.145 [Test worker] INFO org.springframework.boot.test.context.SpringBootTestContextBootstrapper - Loaded default TestExecutionListener class names from location [META-INF/spring.factories]: [org.springframework.boot.test.autoconfigure.restdocs.RestDocsTestExecutionListener, org.springframework.boot.test.autoconfigure.web.client.MockRestServiceServerResetTestExecutionListener, org.springframework.boot.test.autoconfigure.web.servlet.MockMvcPrintOnlyOnFailureTestExecutionListener, org.springframework.boot.test.autoconfigure.web.servlet.WebDriverTestExecutionListener, org.springframework.boot.test.mock.mockito.MockitoTestExecutionListener, org.springframework.boot.test.mock.mockito.ResetMocksTestExecutionListener, org.springframework.test.context.web.ServletTestExecutionListener, org.springframework.test.context.support.DirtiesContextBeforeModesTestExecutionListener, org.springframework.test.context.support.DependencyInjectionTestExecutionListener, org.springframework.test.context.support.DirtiesContextTestExecutionListener, org.springframework.test.context.transaction.TransactionalTestExecutionListener, org.springframework.test.context.jdbc.SqlScriptsTestExecutionListener]
10:49:37.170 [Test worker] INFO org.springframework.boot.test.context.SpringBootTestContextBootstrapper - Using TestExecutionListeners: [org.springframework.test.context.web.ServletTestExecutionListener@77f6647e, org.springframework.test.context.support.DirtiesContextBeforeModesTestExecutionListener@5a127fd7, org.springframework.boot.test.autoconfigure.SpringBootDependencyInjectionTestExecutionListener@106628da, org.springframework.test.context.support.DirtiesContextTestExecutionListener@5ff153b6, org.springframework.test.context.transaction.TransactionalTestExecutionListener@1b6009a2, org.springframework.test.context.jdbc.SqlScriptsTestExecutionListener@524531de, org.springframework.boot.test.autoconfigure.web.servlet.MockMvcPrintOnlyOnFailureTestExecutionListener@73c4e3b4, org.springframework.boot.test.autoconfigure.web.client.MockRestServiceServerResetTestExecutionListener@26fd7299, org.springframework.boot.test.autoconfigure.restdocs.RestDocsTestExecutionListener@3d4b52fd, org.springframework.boot.test.mock.mockito.ResetMocksTestExecutionListener@46fb5f4b, org.springframework.boot.test.autoconfigure.web.servlet.WebDriverTestExecutionListener@12f6cd63, org.springframework.boot.test.mock.mockito.MockitoTestExecutionListener@5fd20c1e]
10:49:37.173 [Test worker] DEBUG org.springframework.test.annotation.ProfileValueUtils - Retrieved @ProfileValueSourceConfiguration [null] for test class [com.uangteman.vendor.VendorServiceApplicationTests]
10:49:37.174 [Test worker] DEBUG org.springframework.test.annotation.ProfileValueUtils - Retrieved ProfileValueSource type [class org.springframework.test.annotation.SystemProfileValueSource] for class [com.uangteman.vendor.VendorServiceApplicationTests]
10:49:37.176 [Test worker] DEBUG org.springframework.test.annotation.ProfileValueUtils - Retrieved @ProfileValueSourceConfiguration [null] for test class [com.uangteman.vendor.VendorServiceApplicationTests]
10:49:37.176 [Test worker] DEBUG org.springframework.test.annotation.ProfileValueUtils - Retrieved ProfileValueSource type [class org.springframework.test.annotation.SystemProfileValueSource] for class [com.uangteman.vendor.VendorServiceApplicationTests]
10:49:37.181 [Test worker] DEBUG org.springframework.test.context.support.AbstractDirtiesContextTestExecutionListener - Before test class: context [DefaultTestContext@65c2d82c testClass = VendorServiceApplicationTests, testInstance = [null], testMethod = [null], testException = [null], mergedContextConfiguration = [WebMergedContextConfiguration@41d5b004 testClass = VendorServiceApplicationTests, locations = '{}', classes = '{class com.uangteman.vendor.VendorServiceApplication}', contextInitializerClasses = '[]', activeProfiles = '{}', propertySourceLocations = '{}', propertySourceProperties = '{org.springframework.boot.test.context.SpringBootTestContextBootstrapper=true}', contextCustomizers = set[org.springframework.boot.test.autoconfigure.properties.PropertyMappingContextCustomizer@0, org.springframework.boot.test.autoconfigure.web.servlet.WebDriverContextCustomizerFactory$Customizer@35a445cf, org.springframework.boot.test.context.SpringBootTestContextCustomizer@61cba275, org.springframework.boot.test.context.filter.ExcludeFilterContextCustomizer@79f8cfc3, org.springframework.boot.test.json.DuplicateJsonObjectContextCustomizerFactory$DuplicateJsonObjectContextCustomizer@56634898, org.springframework.boot.test.mock.mockito.MockitoContextCustomizer@0], resourceBasePath = 'src/main/webapp', contextLoader = 'org.springframework.boot.test.context.SpringBootContextLoader', parent = [null]]], class annotated with @DirtiesContext [false] with mode [null].
10:49:37.182 [Test worker] DEBUG org.springframework.test.annotation.ProfileValueUtils - Retrieved @ProfileValueSourceConfiguration [null] for test class [com.uangteman.vendor.VendorServiceApplicationTests]
10:49:37.182 [Test worker] DEBUG org.springframework.test.annotation.ProfileValueUtils - Retrieved ProfileValueSource type [class org.springframework.test.annotation.SystemProfileValueSource] for class [com.uangteman.vendor.VendorServiceApplicationTests]
10:49:37.247 [Test worker] DEBUG org.springframework.core.env.StandardEnvironment - Adding PropertySource 'systemProperties' with lowest search precedence
10:49:37.247 [Test worker] DEBUG org.springframework.core.env.StandardEnvironment - Adding PropertySource 'systemEnvironment' with lowest search precedence
10:49:37.248 [Test worker] DEBUG org.springframework.core.env.StandardEnvironment - Initialized StandardEnvironment with PropertySources [MapPropertySource@986832303 {name='systemProperties', properties={java.runtime.name=Java(TM) SE Runtime Environment, sun.boot.library.path=/Library/Java/JavaVirtualMachines/jdk1.8.0_102.jdk/Contents/Home/jre/lib, java.vm.version=25.102-b14, gopherProxySet=false, java.vm.vendor=Oracle Corporation, java.vendor.url=http://java.oracle.com/, path.separator=:, java.vm.name=Java HotSpot(TM) 64-Bit Server VM, file.encoding.pkg=sun.io, sun.java.launcher=SUN_STANDARD, user.country=US, sun.os.patch.level=unknown, java.vm.specification.name=Java Virtual Machine Specification, user.dir=/Users/maryosandoz/git/ut-revamp-vendor-service, java.runtime.version=1.8.0_102-b14, java.awt.graphicsenv=sun.awt.CGraphicsEnvironment, java.endorsed.dirs=/Library/Java/JavaVirtualMachines/jdk1.8.0_102.jdk/Contents/Home/jre/lib/endorsed, os.arch=x86_64, java.io.tmpdir=/var/folders/hv/znyzyh1534l_n5gnwggj69040000gp/T/, line.separator=
, java.vm.specification.vendor=Oracle Corporation, user.variant=, os.name=Mac OS X, sun.jnu.encoding=UTF-8, java.library.path=/Users/maryosandoz/Library/Java/Extensions:/Library/Java/Extensions:/Network/Library/Java/Extensions:/System/Library/Java/Extensions:/usr/lib/java:., java.specification.name=Java Platform API Specification, java.class.version=52.0, org.gradle.native=false, sun.management.compiler=HotSpot 64-Bit Tiered Compilers, os.version=10.11.6, http.nonProxyHosts=local|*.local|169.254/16|*.169.254/16, user.home=/Users/maryosandoz, user.timezone=Asia/Jakarta, java.awt.printerjob=sun.lwawt.macosx.CPrinterJob, file.encoding=UTF-8, java.specification.version=1.8, java.class.path=/Users/maryosandoz/git/ut-revamp-vendor-service/build/classes/java/test:/Users/maryosandoz/git/ut-revamp-vendor-service/build/resources/test:/Users/maryosandoz/git/ut-revamp-vendor-service/build/classes/java/main:/Users/maryosandoz/git/ut-revamp-vendor-service/build/resources/main:/Users/maryosandoz/git/ut-revamp-common-utils/build/libs/ut-common-utils.jar:/Users/maryosandoz/.gradle/caches/modules-2/files-2.1/org.springframework.boot/spring-boot-starter-data-rest/1.5.8.RELEASE/72990d72d39b3397a131bb1975f80df87e7eb896/spring-boot-starter-data-rest-1.5.8.RELEASE.jar:/Users/maryosandoz/.gradle/caches/modules-2/files-2.1/org.springframework.boot/spring-boot-starter-data-jpa/1.5.8.RELEASE/55bb5e8aea5707f79ee9888ad75261a7b7df4654/spring-boot-starter-data-jpa-1.5.8.RELEASE.jar:/Users/maryosandoz/.gradle/caches/modules-2/files-2.1/org.springframework.boot/spring-boot-starter-actuator/1.5.8.RELEASE/927c40a1af518dc240dfdf7aaf0a9673c3a127c5/spring-boot-starter-actuator-1.5.8.RELEASE.jar:/Users/maryosandoz/.gradle/caches/modules-2/files-2.1/org.springframework.boot/spring-boot-starter-web/1.5.8.RELEASE/7e0dc79e3b47be4539ad3c033639133ae6b7a17e/spring-boot-starter-web-1.5.8.RELEASE.jar:/Users/maryosandoz/.gradle/caches/modules-2/files-2.1/io.springfox/springfox-swagger2/2.7.0/dd28b7ce26af1209d6ef19f5f24a8c23b41ca6fc/springfox-swagger2-2.7.0.jar:/Users/maryosandoz/.gradle/caches/modules-2/files-2.1/io.springfox/springfox-swagger-ui/2.7.0/92608eb6c2056810b4e3189196b4e8cce645d6de/springfox-swagger-ui-2.7.0.jar:/Users/maryosandoz/.gradle/caches/modules-2/files-2.1/com.zaxxer/HikariCP/2.7.2/8eadf835d2f74c30b75ffcb2693bb6853b85cf1e/HikariCP-2.7.2.jar:/Users/maryosandoz/.gradle/caches/modules-2/files-2.1/org.springframework.boot/spring-boot-devtools/1.5.8.RELEASE/ea212262e3ae47e76fa176358fcf9ee2780b80da/spring-boot-devtools-1.5.8.RELEASE.jar:/Users/maryosandoz/.gradle/caches/modules-2/files-2.1/mysql/mysql-connector-java/5.1.44/61b6b998192c85bb581c6be90e03dcd4b9079db4/mysql-connector-java-5.1.44.jar:/Users/maryosandoz/.gradle/caches/modules-2/files-2.1/org.springframework.boot/spring-boot-starter-test/1.5.8.RELEASE/20b767f594924b32950286f1236ab7d68ff861f9/spring-boot-starter-test-1.5.8.RELEASE.jar:/Users/maryosandoz/.gradle/caches/modules-2/files-2.1/org.springframework.boot/spring-boot-starter-aop/1.5.8.RELEASE/9bc9a40e0718726ed48f6becc509b2d186f1ebcc/spring-boot-starter-aop-1.5.8.RELEASE.jar:/Users/maryosandoz/.gradle/caches/modules-2/files-2.1/org.springframework.boot/spring-boot-starter-jdbc/1.5.8.RELEASE/fc98631eba9817c920b9ac1c5845214f49637a33/spring-boot-starter-jdbc-1.5.8.RELEASE.jar:/Users/maryosandoz/.gradle/caches/modules-2/files-2.1/org.springframework.boot/spring-boot-starter/1.5.8.RELEASE/18048efe1f06569022a53cc3fb2fe9c0162935a3/spring-boot-starter-1.5.8.RELEASE.jar:/Users/maryosandoz/.gradle/caches/modules-2/files-2.1/org.springframework.data/spring-data-rest-webmvc/2.6.8.RELEASE/50c58b901f47fb43a9dc8e7073e906d533b0d42/spring-data-rest-webmvc-2.6.8.RELEASE.jar:/Users/maryosandoz/.gradle/caches/modules-2/files-2.1/org.springframework.boot/spring-boot-actuator/1.5.8.RELEASE/aac530fe877ed91c92831019755c49f29b08e6/spring-boot-actuator-1.5.8.RELEASE.jar:/Users/maryosandoz/.gradle/caches/modules-2/files-2.1/com.fasterxml.jackson.core/jackson-databind/2.8.10/f7b83cb2bc4b88d53961e749e1ad32f49ef017b7/jackson-databind-2.8.10.jar:/Users/maryosandoz/.gradle/caches/modules-2/files-2.1/io.springfox/springfox-swagger-common/2.7.0/5a632aecc733753887f90592382fa271e546062a/springfox-swagger-common-2.7.0.jar:/Users/maryosandoz/.gradle/caches/modules-2/files-2.1/io.swagger/swagger-models/1.5.13/571a0046f35f9dac569a1870465248595e33ccdb/swagger-models-1.5.13.jar:/Users/maryosandoz/.gradle/caches/modules-2/files-2.1/org.springframework.data/spring-data-rest-core/2.6.8.RELEASE/8eda1a9722d14838bc76191638ee225619bea085/spring-data-rest-core-2.6.8.RELEASE.jar:/Users/maryosandoz/.gradle/caches/modules-2/files-2.1/com.fasterxml.jackson.core/jackson-annotations/2.8.0/45b426f7796b741035581a176744d91090e2e6fb/jackson-annotations-2.8.0.jar:/Users/maryosandoz/.gradle/caches/modules-2/files-2.1/org.hibernate/hibernate-entitymanager/5.0.12.Final/302a526f5058290e9cbd719a5caf9f248d344719/hibernate-entitymanager-5.0.12.Final.jar:/Users/maryosandoz/.gradle/caches/modules-2/files-2.1/org.hibernate/hibernate-core/5.0.12.Final/e58bf1c660e6706d8e2cbb53bae110f574366102/hibernate-core-5.0.12.Final.jar:/Users/maryosandoz/.gradle/caches/modules-2/files-2.1/javax.transaction/javax.transaction-api/1.2/d81aff979d603edd90dcd8db2abc1f4ce6479e3e/javax.transaction-api-1.2.jar:/Users/maryosandoz/.gradle/caches/modules-2/files-2.1/org.springframework.data/spring-data-jpa/1.11.8.RELEASE/d674b8407de3d2998c106557fd6a6665de2bc217/spring-data-jpa-1.11.8.RELEASE.jar:/Users/maryosandoz/.gradle/caches/modules-2/files-2.1/org.springframework/spring-aspects/4.3.12.RELEASE/b0002bfdd0d58f09fc178afc5f2d0553ff117840/spring-aspects-4.3.12.RELEASE.jar:/Users/maryosandoz/.gradle/caches/modules-2/files-2.1/org.springframework.boot/spring-boot-starter-tomcat/1.5.8.RELEASE/cf3b7eb7e192a60ab1dd09e4f8bce82710a5feb0/spring-boot-starter-tomcat-1.5.8.RELEASE.jar:/Users/maryosandoz/.gradle/caches/modules-2/files-2.1/org.hibernate/hibernate-validator/5.3.5.Final/622a9bcef2eed6d41b5b8e0662c36212009e375/hibernate-validator-5.3.5.Final.jar:/Users/maryosandoz/.gradle/caches/modules-2/files-2.1/org.springframework.hateoas/spring-hateoas/0.23.0.RELEASE/678ffa0798f417a794fea592dc8066e325611919/spring-hateoas-0.23.0.RELEASE.jar:/Users/maryosandoz/.gradle/caches/modules-2/files-2.1/org.springframework/spring-webmvc/4.3.12.RELEASE/986e5dcd4435e780f6be64f8185eaa51523cf851/spring-webmvc-4.3.12.RELEASE.jar:/Users/maryosandoz/.gradle/caches/modules-2/files-2.1/org.springframework/spring-web/4.3.12.RELEASE/86c29588cca74d0fc848b194cb13fcdfd12bc990/spring-web-4.3.12.RELEASE.jar:/Users/maryosandoz/.gradle/caches/modules-2/files-2.1/io.swagger/swagger-annotations/1.5.13/72433c890a61a876d22063e269be421c810a1a8d/swagger-annotations-1.5.13.jar:/Users/maryosandoz/.gradle/caches/modules-2/files-2.1/io.springfox/springfox-schema/2.7.0/aab297a6781e829b9d6bac514a4dc860966c3c8d/springfox-schema-2.7.0.jar:/Users/maryosandoz/.gradle/caches/modules-2/files-2.1/io.springfox/springfox-spring-web/2.7.0/a54be5572b6b5210f6892e13d6b136dde5e96bf6/springfox-spring-web-2.7.0.jar:/Users/maryosandoz/.gradle/caches/modules-2/files-2.1/io.springfox/springfox-spi/2.7.0/dab14edcb863dd506278dc950908b4f684e93b7/springfox-spi-2.7.0.jar:/Users/maryosandoz/.gradle/caches/modules-2/files-2.1/io.springfox/springfox-core/2.7.0/f3e6d1cf5170b4b56ee0a00c1b3b05221f2ecb96/springfox-core-2.7.0.jar:/Users/maryosandoz/.gradle/caches/modules-2/files-2.1/org.reflections/reflections/0.9.11/23bba0ff497ec61fbca967d9b641c7681a71edb3/reflections-0.9.11.jar:/Users/maryosandoz/.gradle/caches/modules-2/files-2.1/com.google.guava/guava/20.0/89507701249388e1ed5ddcf8c41f4ce1be7831ef/guava-20.0.jar:/Users/maryosandoz/.gradle/caches/modules-2/files-2.1/com.fasterxml/classmate/1.3.4/3d5f48f10bbe4eb7bd862f10c0583be2e0053c6/classmate-1.3.4.jar:/Users/maryosandoz/.gradle/caches/modules-2/files-2.1/org.springframework.plugin/spring-plugin-metadata/1.2.0.RELEASE/97223fc496b6cab31602eedbd4202aa4fff0d44f/spring-plugin-metadata-1.2.0.RELEASE.jar:/Users/maryosandoz/.gradle/caches/modules-2/files-2.1/org.springframework.plugin/spring-plugin-core/1.2.0.RELEASE/f380e7760032e7d929184f8ad8a33716b75c0657/spring-plugin-core-1.2.0.RELEASE.jar:/Users/maryosandoz/.gradle/caches/modules-2/files-2.1/com.jayway.jsonpath/json-path/2.2.0/22290d17944bd239fabf5ac69005a60a7ecbbbcb/json-path-2.2.0.jar:/Users/maryosandoz/.gradle/caches/modules-2/files-2.1/org.springframework.boot/spring-boot-starter-logging/1.5.8.RELEASE/ebc00a0e46753d90431fdcc5e3d6b9fd3bf1564a/spring-boot-starter-logging-1.5.8.RELEASE.jar:/Users/maryosandoz/.gradle/caches/modules-2/files-2.1/org.springframework.data/spring-data-commons/1.13.8.RELEASE/2853e3c38e02d42529f6c8b247d7bace40c25642/spring-data-commons-1.13.8.RELEASE.jar:/Users/maryosandoz/.gradle/caches/modules-2/files-2.1/org.slf4j/jcl-over-slf4j/1.7.25/f8c32b13ff142a513eeb5b6330b1588dcb2c0461/jcl-over-slf4j-1.7.25.jar:/Users/maryosandoz/.gradle/caches/modules-2/files-2.1/ch.qos.logback/logback-classic/1.1.11/ccedfbacef4a6515d2983e3f89ed753d5d4fb665/logback-classic-1.1.11.jar:/Users/maryosandoz/.gradle/caches/modules-2/files-2.1/org.slf4j/jul-to-slf4j/1.7.25/af5364cd6679bfffb114f0dec8a157aaa283b76/jul-to-slf4j-1.7.25.jar:/Users/maryosandoz/.gradle/caches/modules-2/files-2.1/org.slf4j/log4j-over-slf4j/1.7.25/a87bb47468f47ee7aabbd54f93e133d4215769c3/log4j-over-slf4j-1.7.25.jar:/Users/maryosandoz/.gradle/caches/modules-2/files-2.1/org.slf4j/slf4j-api/1.7.25/da76ca59f6a57ee3102f8f9bd9cee742973efa8a/slf4j-api-1.7.25.jar:/Users/maryosandoz/.gradle/caches/modules-2/files-2.1/org.mapstruct/mapstruct/1.1.0.Final/65b81fa5234e1fd8461b77bbccee7b9ebc0bbbb2/mapstruct-1.1.0.Final.jar:/Users/maryosandoz/.gradle/caches/modules-2/files-2.1/org.springframework.boot/spring-boot-test-autoconfigure/1.5.8.RELEASE/a8f986cc4b6ecef1417fe50c20984f12f54d15cc/spring-boot-test-autoconfigure-1.5.8.RELEASE.jar:/Users/maryosandoz/.gradle/caches/modules-2/files-2.1/org.springframework.boot/spring-boot-autoconfigure/1.5.8.RELEASE/e4f2efa4c319f4e3613d94fbccfdb5ccda6873e3/spring-boot-autoconfigure-1.5.8.RELEASE.jar:/Users/maryosandoz/.gradle/caches/modules-2/files-2.1/org.springframework.boot/spring-boot-test/1.5.8.RELEASE/17dedee86d1a9e9bd409d715fd90650ca1049659/spring-boot-test-1.5.8.RELEASE.jar:/Users/maryosandoz/.gradle/caches/modules-2/files-2.1/org.springframework.boot/spring-boot/1.5.8.RELEASE/748ebde51761e12627ad23d064024f342b18f9b4/spring-boot-1.5.8.RELEASE.jar:/Users/maryosandoz/.gradle/caches/modules-2/files-2.1/junit/junit/4.12/2973d150c0dc1fefe998f834810d68f278ea58ec/junit-4.12.jar:/Users/maryosandoz/.gradle/caches/modules-2/files-2.1/org.assertj/assertj-core/2.6.0/b532c3fc4f66bcfee4989a3514f1cd56203a33ad/assertj-core-2.6.0.jar:/Users/maryosandoz/.gradle/caches/modules-2/files-2.1/org.mockito/mockito-core/1.10.19/e8546f5bef4e061d8dd73895b4e8f40e3fe6effe/mockito-core-1.10.19.jar:/Users/maryosandoz/.gradle/caches/modules-2/files-2.1/org.hamcrest/hamcrest-library/1.3/4785a3c21320980282f9f33d0d1264a69040538f/hamcrest-library-1.3.jar:/Users/maryosandoz/.gradle/caches/modules-2/files-2.1/org.hamcrest/hamcrest-core/1.3/42a25dc3219429f0e5d060061f71acb49bf010a0/hamcrest-core-1.3.jar:/Users/maryosandoz/.gradle/caches/modules-2/files-2.1/org.skyscreamer/jsonassert/1.4.0/9cdbb373a06f6513e51e8c545ee6a5e981463edb/jsonassert-1.4.0.jar:/Users/maryosandoz/.gradle/caches/modules-2/files-2.1/org.springframework/spring-test/4.3.12.RELEASE/825a7ac1014528db722a6cc94cceaef2410cb314/spring-test-4.3.12.RELEASE.jar:/Users/maryosandoz/.gradle/caches/modules-2/files-2.1/org.springframework/spring-orm/4.3.12.RELEASE/47bbe35a92944aeedf06a388098581272f8db9bd/spring-orm-4.3.12.RELEASE.jar:/Users/maryosandoz/.gradle/caches/modules-2/files-2.1/org.springframework/spring-jdbc/4.3.12.RELEASE/5c840abbdc1a1dfd0f79c4a4c25eac0c98e6af22/spring-jdbc-4.3.12.RELEASE.jar:/Users/maryosandoz/.gradle/caches/modules-2/files-2.1/org.springframework/spring-context/4.3.12.RELEASE/5e6d26f36636f36b7efec1d6a0c5991284fbd95b/spring-context-4.3.12.RELEASE.jar:/Users/maryosandoz/.gradle/caches/modules-2/files-2.1/org.springframework/spring-tx/4.3.12.RELEASE/7147b6839b2bf9db3621b79c73b4dddbe69572b6/spring-tx-4.3.12.RELEASE.jar:/Users/maryosandoz/.gradle/caches/modules-2/files-2.1/org.springframework/spring-aop/4.3.12.RELEASE/b3fef085902993c2ef874c45c7bfd79296d5a5a4/spring-aop-4.3.12.RELEASE.jar:/Users/maryosandoz/.gradle/caches/modules-2/files-2.1/org.springframework/spring-beans/4.3.12.RELEASE/547dd432d47d0f01d9ccbedc4b705f9f7c1240a/spring-beans-4.3.12.RELEASE.jar:/Users/maryosandoz/.gradle/caches/modules-2/files-2.1/org.springframework/spring-expression/4.3.12.RELEASE/790f69f6ad7f9da8d4a92c603ad7244c398c8309/spring-expression-4.3.12.RELEASE.jar:/Users/maryosandoz/.gradle/caches/modules-2/files-2.1/org.springframework/spring-core/4.3.12.RELEASE/4cebc69478c6d350dbd5af28e3db7d5694f416e3/spring-core-4.3.12.RELEASE.jar:/Users/maryosandoz/.gradle/caches/modules-2/files-2.1/org.yaml/snakeyaml/1.17/7a27ea250c5130b2922b86dea63cbb1cc10a660c/snakeyaml-1.17.jar:/Users/maryosandoz/.gradle/caches/modules-2/files-2.1/com.fasterxml.jackson.core/jackson-core/2.8.10/eb21a035c66ad307e66ec8fce37f5d50fd62d039/jackson-core-2.8.10.jar:/Users/maryosandoz/.gradle/caches/modules-2/files-2.1/org.aspectj/aspectjweaver/1.8.11/9807e0e13c8a295f15882721db50fa3d142c44a9/aspectjweaver-1.8.11.jar:/Users/maryosandoz/.gradle/caches/modules-2/files-2.1/org.apache.tomcat/tomcat-jdbc/8.5.23/6036400a8f2d90dd3ae3a4d09e5136c56002887b/tomcat-jdbc-8.5.23.jar:/Users/maryosandoz/.gradle/caches/modules-2/files-2.1/org.hibernate.common/hibernate-commons-annotations/5.0.1.Final/71e1cff3fcb20d3b3af4f3363c3ddb24d33c6879/hibernate-commons-annotations-5.0.1.Final.jar:/Users/maryosandoz/.gradle/caches/modules-2/files-2.1/org.jboss.logging/jboss-logging/3.3.1.Final/c46217ab74b532568c0ed31dc599db3048bd1b67/jboss-logging-3.3.1.Final.jar:/Users/maryosandoz/.gradle/caches/modules-2/files-2.1/org.hibernate.javax.persistence/hibernate-jpa-2.1-api/1.0.0.Final/5e731d961297e5a07290bfaf3db1fbc8bbbf405a/hibernate-jpa-2.1-api-1.0.0.Final.jar:/Users/maryosandoz/.gradle/caches/modules-2/files-2.1/org.javassist/javassist/3.21.0-GA/598244f595db5c5fb713731eddbb1c91a58d959b/javassist-3.21.0-GA.jar:/Users/maryosandoz/.gradle/caches/modules-2/files-2.1/antlr/antlr/2.7.7/83cd2cd674a217ade95a4bb83a8a14f351f48bd0/antlr-2.7.7.jar:/Users/maryosandoz/.gradle/caches/modules-2/files-2.1/org.jboss/jandex/2.0.0.Final/3e899258936f94649c777193e1be846387ed54b3/jandex-2.0.0.Final.jar:/Users/maryosandoz/.gradle/caches/modules-2/files-2.1/dom4j/dom4j/1.6.1/5d3ccc056b6f056dbf0dddfdf43894b9065a8f94/dom4j-1.6.1.jar:/Users/maryosandoz/.gradle/caches/modules-2/files-2.1/org.apache.tomcat.embed/tomcat-embed-websocket/8.5.23/52f07abcae10dc7e1764304b0877def175c2c833/tomcat-embed-websocket-8.5.23.jar:/Users/maryosandoz/.gradle/caches/modules-2/files-2.1/org.apache.tomcat.embed/tomcat-embed-core/8.5.23/79261793a47f507890ee08f749b9d81774e4f7f0/tomcat-embed-core-8.5.23.jar:/Users/maryosandoz/.gradle/caches/modules-2/files-2.1/org.apache.tomcat.embed/tomcat-embed-el/8.5.23/98d979cde444dffa6d434c8377d0123b2dfa614c/tomcat-embed-el-8.5.23.jar:/Users/maryosandoz/.gradle/caches/modules-2/files-2.1/javax.validation/validation-api/1.1.0.Final/8613ae82954779d518631e05daa73a6a954817d5/validation-api-1.1.0.Final.jar:/Users/maryosandoz/.gradle/caches/modules-2/files-2.1/net.minidev/json-smart/2.2.1/5b9e5df7a62d1279b70dc882b041d249c4f0b002/json-smart-2.2.1.jar:/Users/maryosandoz/.gradle/caches/modules-2/files-2.1/org.objenesis/objenesis/2.1/87c0ea803b69252868d09308b4618f766f135a96/objenesis-2.1.jar:/Users/maryosandoz/.gradle/caches/modules-2/files-2.1/com.vaadin.external.google/android-json/0.0.20131108.vaadin1/fa26d351fe62a6a17f5cda1287c1c6110dec413f/android-json-0.0.20131108.vaadin1.jar:/Users/maryosandoz/.gradle/caches/modules-2/files-2.1/org.atteo/evo-inflector/1.2.2/2551aad98d65ac5464d81fe05f0e1516cfe471c9/evo-inflector-1.2.2.jar:/Users/maryosandoz/.gradle/caches/modules-2/files-2.1/org.apache.tomcat/tomcat-juli/8.5.23/98e7f0610b7b2fb8303f11be0210e3f5a56a7d55/tomcat-juli-8.5.23.jar:/Users/maryosandoz/.gradle/caches/modules-2/files-2.1/org.apache.tomcat/tomcat-annotations-api/8.5.23/aaf17df9fe0240e9e9d5375d24d5f177174b73d9/tomcat-annotations-api-8.5.23.jar:/Users/maryosandoz/.gradle/caches/modules-2/files-2.1/net.bytebuddy/byte-buddy/1.6.14/871c3e49dc6183d0d361601c2f1d11abb1a6b48c/byte-buddy-1.6.14.jar:/Users/maryosandoz/.gradle/caches/modules-2/files-2.1/net.minidev/accessors-smart/1.1/a527213f2fea112a04c9bdf0ec0264e34104cd08/accessors-smart-1.1.jar:/Users/maryosandoz/.gradle/caches/modules-2/files-2.1/ch.qos.logback/logback-core/1.1.11/88b8df40340eed549fb07e2613879bf6b006704d/logback-core-1.1.11.jar:/Users/maryosandoz/.gradle/caches/modules-2/files-2.1/org.ow2.asm/asm/5.0.3/dcc2193db20e19e1feca8b1240dbbc4e190824fa/asm-5.0.3.jar, user.name=maryosandoz, java.vm.specification.version=1.8, sun.java.command=worker.org.gradle.process.internal.worker.GradleWorkerMain 'Gradle Test Executor 1', java.home=/Library/Java/JavaVirtualMachines/jdk1.8.0_102.jdk/Contents/Home/jre, sun.arch.data.model=64, user.language=en, java.specification.vendor=Oracle Corporation, awt.toolkit=sun.lwawt.macosx.LWCToolkit, java.vm.info=mixed mode, java.version=1.8.0_102, java.ext.dirs=/Users/maryosandoz/Library/Java/Extensions:/Library/Java/JavaVirtualMachines/jdk1.8.0_102.jdk/Contents/Home/jre/lib/ext:/Library/Java/Extensions:/Network/Library/Java/Extensions:/System/Library/Java/Extensions:/usr/lib/java, sun.boot.class.path=/Library/Java/JavaVirtualMachines/jdk1.8.0_102.jdk/Contents/Home/jre/lib/resources.jar:/Library/Java/JavaVirtualMachines/jdk1.8.0_102.jdk/Contents/Home/jre/lib/rt.jar:/Library/Java/JavaVirtualMachines/jdk1.8.0_102.jdk/Contents/Home/jre/lib/sunrsasign.jar:/Library/Java/JavaVirtualMachines/jdk1.8.0_102.jdk/Contents/Home/jre/lib/jsse.jar:/Library/Java/JavaVirtualMachines/jdk1.8.0_102.jdk/Contents/Home/jre/lib/jce.jar:/Library/Java/JavaVirtualMachines/jdk1.8.0_102.jdk/Contents/Home/jre/lib/charsets.jar:/Library/Java/JavaVirtualMachines/jdk1.8.0_102.jdk/Contents/Home/jre/lib/jfr.jar:/Library/Java/JavaVirtualMachines/jdk1.8.0_102.jdk/Contents/Home/jre/classes, java.vendor=Oracle Corporation, org.gradle.test.worker=1, file.separator=/, java.vendor.url.bug=http://bugreport.sun.com/bugreport/, sun.io.unicode.encoding=UnicodeBig, sun.cpu.endian=little, socksNonProxyHosts=local|*.local|169.254/16|*.169.254/16, ftp.nonProxyHosts=local|*.local|169.254/16|*.169.254/16, sun.cpu.isalist=}}, SystemEnvironmentPropertySource@2013588337 {name='systemEnvironment', properties={PATH=/Library/Frameworks/Python.framework/Versions/3.6/bin:/Users/maryosandoz/go/bin:/usr/local/sbin:/usr/local/bin:/usr/bin:/bin:/usr/sbin:/sbin:/Users/rahmatzailani/Library/Android/sdk:/Users/rahmatzailani/Library/Android/sdk/tools:/Users/rahmatzailani/Library/Android/sdk/platform-tools:/usr/local/go/bin:/usr/local/Cellar/mysql@5.6/5.6.37/bin/mysql, JAVA_HOME=/Library/Java/JavaVirtualMachines/jdk1.8.0_102.jdk/Contents/Home, TERM=xterm-256color, COMMAND_MODE=unix2003, ITERM_SESSION_ID=w0t1p0:E686D7E4-E82C-403F-9570-912D3438DC7D, COLORTERM=truecolor, LOGNAME=maryosandoz, XPC_SERVICE_NAME=0, PWD=/Users/maryosandoz/git/ut-revamp-vendor-service, TERM_PROGRAM_VERSION=3.1.5, JAVA_MAIN_CLASS_9238=org.gradle.launcher.GradleMain, SHELL=/bin/bash, JAVA_MAIN_CLASS_9254=worker.org.gradle.process.internal.worker.GradleWorkerMain, TERM_PROGRAM=iTerm.app, APP_ICON_9238=/usr/local/Cellar/gradle/4.1/libexec/media/gradle.icns, SECURITYSESSIONID=186a8, GOPATH=/Users/maryosandoz/go, OLDPWD=/usr/local/Cellar/gradle/4.1/libexec, USER=maryosandoz, APP_NAME_9238=Gradle, ITERM_PROFILE=Default, TMPDIR=/var/folders/hv/znyzyh1534l_n5gnwggj69040000gp/T/, SSH_AUTH_SOCK=/private/tmp/com.apple.launchd.fTpIxuxa5v/Listeners, XPC_FLAGS=0x0, TERM_SESSION_ID=w0t1p0:E686D7E4-E82C-403F-9570-912D3438DC7D, __CF_USER_TEXT_ENCODING=0x1F6:0x0:0x0, Apple_PubSub_Socket_Render=/private/tmp/com.apple.launchd.nAj2whZSkH/Render, LC_CTYPE=UTF-8, COLORFGBG=7;0, HOME=/Users/maryosandoz, SHLVL=1}}]
10:49:37.250 [Test worker] DEBUG org.springframework.core.env.MutablePropertySources - Adding PropertySource 'inline' with highest search precedence
10:49:37.257 [Test worker] DEBUG org.springframework.test.context.support.TestPropertySourceUtils - Adding inlined properties to environment: {spring.jmx.enabled=false, org.springframework.boot.test.context.SpringBootTestContextBootstrapper=true, server.port=-1}
10:49:37.257 [Test worker] DEBUG org.springframework.core.env.StandardEnvironment - Adding PropertySource 'Inlined Test Properties' with highest search precedence
10:49:38.106 INFO  o.s.w.c.s.GenericWebApplicationContext - Refreshing org.springframework.web.context.support.GenericWebApplicationContext@2fe7f973: startup date [Mon Jan 22 10:49:38 WIB 2018]; root of context hierarchy 
10:49:38.113 DEBUG o.s.w.c.s.GenericWebApplicationContext - Bean factory for org.springframework.web.context.support.GenericWebApplicationContext@2fe7f973: org.springframework.beans.factory.support.DefaultListableBeanFactory@5feecc26: defining beans [org.springframework.boot.test.mock.mockito.MockitoPostProcessor$SpyPostProcessor,org.springframework.boot.test.mock.mockito.MockitoPostProcessor,org.springframework.context.annotation.internalConfigurationAnnotationProcessor,org.springframework.context.annotation.internalAutowiredAnnotationProcessor,org.springframework.context.annotation.internalRequiredAnnotationProcessor,org.springframework.context.annotation.internalCommonAnnotationProcessor,org.springframework.context.annotation.internalPersistenceAnnotationProcessor,org.springframework.context.event.internalEventListenerProcessor,org.springframework.context.event.internalEventListenerFactory,vendorServiceApplication]; root of factory hierarchy 
10:49:41.354 DEBUG o.s.w.c.s.GenericWebApplicationContext - Unable to locate MessageSource with name 'messageSource': using default [org.springframework.context.support.DelegatingMessageSource@429f90bf] 
10:49:41.519 DEBUG o.s.w.c.s.GenericWebApplicationContext - Unable to locate ApplicationEventMulticaster with name 'applicationEventMulticaster': using default [org.springframework.context.event.SimpleApplicationEventMulticaster@6861258c] 
10:49:48.179 DEBUG o.s.w.s.m.m.a.RequestMappingHandlerMapping - Looking for request mappings in application context: org.springframework.web.context.support.GenericWebApplicationContext@2fe7f973: startup date [Mon Jan 22 10:49:38 WIB 2018]; root of context hierarchy 
10:49:48.198 DEBUG o.s.w.s.m.m.a.RequestMappingHandlerMapping - 2 request handler methods found on class com.uangteman.vendor.controller.EmailController: {public com.uangteman.vendor.dto.response.EmailAddressLookupResponse com.uangteman.vendor.controller.EmailController.emailLookup(java.lang.String)={[/vendor/email/lookup/{email}],methods=[GET]}, public com.uangteman.vendor.dto.response.EmailSentResponse com.uangteman.vendor.controller.EmailController.emailSend(com.uangteman.vendor.dto.request.EmailRequest)={[/vendor/email/send],methods=[POST]}} 
10:49:48.199 INFO  o.s.w.s.m.m.a.RequestMappingHandlerMapping - Mapped "{[/vendor/email/lookup/{email}],methods=[GET]}" onto public com.uangteman.vendor.dto.response.EmailAddressLookupResponse com.uangteman.vendor.controller.EmailController.emailLookup(java.lang.String) 
10:49:48.201 INFO  o.s.w.s.m.m.a.RequestMappingHandlerMapping - Mapped "{[/vendor/email/send],methods=[POST]}" onto public com.uangteman.vendor.dto.response.EmailSentResponse com.uangteman.vendor.controller.EmailController.emailSend(com.uangteman.vendor.dto.request.EmailRequest) 
10:49:48.202 DEBUG o.s.w.s.m.m.a.RequestMappingHandlerMapping - 1 request handler methods found on class com.uangteman.vendor.controller.PersonalIdController: {public com.uangteman.vendor.dto.response.PersonalIdLookupResponse com.uangteman.vendor.controller.PersonalIdController.personalIdLookup(java.lang.String)={[/vendor/personalid/lookup/{nik}],methods=[GET]}} 
10:49:48.203 INFO  o.s.w.s.m.m.a.RequestMappingHandlerMapping - Mapped "{[/vendor/personalid/lookup/{nik}],methods=[GET]}" onto public com.uangteman.vendor.dto.response.PersonalIdLookupResponse com.uangteman.vendor.controller.PersonalIdController.personalIdLookup(java.lang.String) 
10:49:48.204 DEBUG o.s.w.s.m.m.a.RequestMappingHandlerMapping - 1 request handler methods found on class com.uangteman.vendor.controller.SlackMessagingController: {public boolean com.uangteman.vendor.controller.SlackMessagingController.sendSlackNotificaiton(com.uangteman.vendor.dto.request.SlackMessageRequest)={[/vendor/slack/send],methods=[POST]}} 
10:49:48.205 INFO  o.s.w.s.m.m.a.RequestMappingHandlerMapping - Mapped "{[/vendor/slack/send],methods=[POST]}" onto public boolean com.uangteman.vendor.controller.SlackMessagingController.sendSlackNotificaiton(com.uangteman.vendor.dto.request.SlackMessageRequest) 
10:49:48.209 DEBUG o.s.w.s.m.m.a.RequestMappingHandlerMapping - 2 request handler methods found on class com.uangteman.vendor.controller.SmsController: {public com.uangteman.vendor.dto.response.SmsSentResponse com.uangteman.vendor.controller.SmsController.sendSms(com.uangteman.vendor.dto.request.SmsRequest)={[/vendor/sms/send],methods=[POST]}, public com.uangteman.vendor.dto.response.NumberLookupResponse com.uangteman.vendor.controller.SmsController.numberLookup(com.uangteman.vendor.dto.request.SmsRequest)={[/vendor/sms/lookup],methods=[POST]}} 
10:49:48.210 INFO  o.s.w.s.m.m.a.RequestMappingHandlerMapping - Mapped "{[/vendor/sms/send],methods=[POST]}" onto public com.uangteman.vendor.dto.response.SmsSentResponse com.uangteman.vendor.controller.SmsController.sendSms(com.uangteman.vendor.dto.request.SmsRequest) 
10:49:48.211 INFO  o.s.w.s.m.m.a.RequestMappingHandlerMapping - Mapped "{[/vendor/sms/lookup],methods=[POST]}" onto public com.uangteman.vendor.dto.response.NumberLookupResponse com.uangteman.vendor.controller.SmsController.numberLookup(com.uangteman.vendor.dto.request.SmsRequest) 
10:49:48.212 DEBUG o.s.w.s.m.m.a.RequestMappingHandlerMapping - 1 request handler methods found on class com.uangteman.vendor.controller.TelkomselVerificationController: {public com.uangteman.vendor.dto.response.TelkomselSubscriberResponse com.uangteman.vendor.controller.TelkomselVerificationController.isTelkomselSubsriber(java.lang.String)={[/vendor/telkomsel/verify/{msisdn}],methods=[GET]}} 
10:49:48.214 INFO  o.s.w.s.m.m.a.RequestMappingHandlerMapping - Mapped "{[/vendor/telkomsel/verify/{msisdn}],methods=[GET]}" onto public com.uangteman.vendor.dto.response.TelkomselSubscriberResponse com.uangteman.vendor.controller.TelkomselVerificationController.isTelkomselSubsriber(java.lang.String) 
10:49:48.216 DEBUG o.s.w.s.m.m.a.RequestMappingHandlerMapping - 5 request handler methods found on class com.uangteman.vendor.controller.TwoFactorAuthController: {public com.uangteman.vendor.dto.response.TwoFaResponse com.uangteman.vendor.controller.TwoFactorAuthController.sendPin(com.uangteman.vendor.dto.request.TwoFaRequest)={[/vendor/2fa/pin/send],methods=[POST]}, public com.uangteman.vendor.dto.response.TwoFaResponse com.uangteman.vendor.controller.TwoFactorAuthController.resendPin(java.lang.String)={[/vendor/2fa/pin{pinId}/resend],methods=[GET]}, public com.uangteman.vendor.dto.response.TwoFaResponse com.uangteman.vendor.controller.TwoFactorAuthController.verifyPin(java.lang.String)={[/vendor/2fa/pin{pinId}/verify],methods=[GET]}, public void com.uangteman.vendor.controller.TwoFactorAuthController.registerApplication(com.uangteman.vendor.dto.request.RegisterApplicationRequest)={[/vendor/2fa/application],methods=[POST]}, public void com.uangteman.vendor.controller.TwoFactorAuthController.registerMessageTemplate(com.uangteman.vendor.dto.request.TwoFaMessageTemplateRequest)={[/vendor/2fa/message],methods=[POST]}} 
10:49:48.217 INFO  o.s.w.s.m.m.a.RequestMappingHandlerMapping - Mapped "{[/vendor/2fa/pin/send],methods=[POST]}" onto public com.uangteman.vendor.dto.response.TwoFaResponse com.uangteman.vendor.controller.TwoFactorAuthController.sendPin(com.uangteman.vendor.dto.request.TwoFaRequest) 
10:49:48.218 INFO  o.s.w.s.m.m.a.RequestMappingHandlerMapping - Mapped "{[/vendor/2fa/pin{pinId}/resend],methods=[GET]}" onto public com.uangteman.vendor.dto.response.TwoFaResponse com.uangteman.vendor.controller.TwoFactorAuthController.resendPin(java.lang.String) 
10:49:48.219 INFO  o.s.w.s.m.m.a.RequestMappingHandlerMapping - Mapped "{[/vendor/2fa/pin{pinId}/verify],methods=[GET]}" onto public com.uangteman.vendor.dto.response.TwoFaResponse com.uangteman.vendor.controller.TwoFactorAuthController.verifyPin(java.lang.String) 
10:49:48.220 INFO  o.s.w.s.m.m.a.RequestMappingHandlerMapping - Mapped "{[/vendor/2fa/application],methods=[POST]}" onto public void com.uangteman.vendor.controller.TwoFactorAuthController.registerApplication(com.uangteman.vendor.dto.request.RegisterApplicationRequest) 
10:49:48.220 INFO  o.s.w.s.m.m.a.RequestMappingHandlerMapping - Mapped "{[/vendor/2fa/message],methods=[POST]}" onto public void com.uangteman.vendor.controller.TwoFactorAuthController.registerMessageTemplate(com.uangteman.vendor.dto.request.TwoFaMessageTemplateRequest) 
10:49:48.224 DEBUG o.s.w.s.m.m.a.RequestMappingHandlerMapping - 5 request handler methods found on class com.uangteman.vendor.controller.master.MrTemplateController: {public com.uangteman.common.utils.rest.RestResponse com.uangteman.vendor.controller.master.MrTemplateController.delete(java.lang.Integer)={[/master/template/delete/{id}],methods=[GET]}, public com.uangteman.common.utils.rest.RestResponse com.uangteman.vendor.controller.master.MrTemplateController.findAll(boolean,int,int,org.springframework.data.domain.Sort$Direction,java.lang.String)={[/master/template],methods=[GET]}, public com.uangteman.common.utils.rest.RestResponse com.uangteman.vendor.controller.master.MrTemplateController.findAllByExample(boolean,int,int,org.springframework.data.domain.Sort$Direction,java.lang.String,com.uangteman.vendor.model.MrTemplate)={[/master/template/search],methods=[POST]}, public com.uangteman.common.utils.rest.RestResponse com.uangteman.vendor.controller.master.MrTemplateController.findById(java.lang.Integer)={[/master/template/search/{id}],methods=[GET]}, public com.uangteman.common.utils.rest.RestResponse com.uangteman.vendor.controller.master.MrTemplateController.saveOrUpdate(com.uangteman.vendor.model.MrTemplate)={[/master/template/save],methods=[POST]}} 
10:49:48.225 INFO  o.s.w.s.m.m.a.RequestMappingHandlerMapping - Mapped "{[/master/template/delete/{id}],methods=[GET]}" onto public com.uangteman.common.utils.rest.RestResponse com.uangteman.vendor.controller.master.MrTemplateController.delete(java.lang.Integer) 
10:49:48.226 INFO  o.s.w.s.m.m.a.RequestMappingHandlerMapping - Mapped "{[/master/template],methods=[GET]}" onto public com.uangteman.common.utils.rest.RestResponse com.uangteman.vendor.controller.master.MrTemplateController.findAll(boolean,int,int,org.springframework.data.domain.Sort$Direction,java.lang.String) 
10:49:48.226 INFO  o.s.w.s.m.m.a.RequestMappingHandlerMapping - Mapped "{[/master/template/search],methods=[POST]}" onto public com.uangteman.common.utils.rest.RestResponse com.uangteman.vendor.controller.master.MrTemplateController.findAllByExample(boolean,int,int,org.springframework.data.domain.Sort$Direction,java.lang.String,com.uangteman.vendor.model.MrTemplate) 
10:49:48.227 INFO  o.s.w.s.m.m.a.RequestMappingHandlerMapping - Mapped "{[/master/template/search/{id}],methods=[GET]}" onto public com.uangteman.common.utils.rest.RestResponse com.uangteman.vendor.controller.master.MrTemplateController.findById(java.lang.Integer) 
10:49:48.228 INFO  o.s.w.s.m.m.a.RequestMappingHandlerMapping - Mapped "{[/master/template/save],methods=[POST]}" onto public com.uangteman.common.utils.rest.RestResponse com.uangteman.vendor.controller.master.MrTemplateController.saveOrUpdate(com.uangteman.vendor.model.MrTemplate) 
10:49:48.232 DEBUG o.s.w.s.m.m.a.RequestMappingHandlerMapping - 3 request handler methods found on class springfox.documentation.swagger.web.ApiResourceController: {public org.springframework.http.ResponseEntity springfox.documentation.swagger.web.ApiResourceController.uiConfiguration()={[/swagger-resources/configuration/ui]}, public org.springframework.http.ResponseEntity springfox.documentation.swagger.web.ApiResourceController.securityConfiguration()={[/swagger-resources/configuration/security]}, public org.springframework.http.ResponseEntity springfox.documentation.swagger.web.ApiResourceController.swaggerResources()={[/swagger-resources]}} 
10:49:48.233 INFO  o.s.w.s.m.m.a.RequestMappingHandlerMapping - Mapped "{[/swagger-resources/configuration/ui]}" onto public org.springframework.http.ResponseEntity<springfox.documentation.swagger.web.UiConfiguration> springfox.documentation.swagger.web.ApiResourceController.uiConfiguration() 
10:49:48.234 INFO  o.s.w.s.m.m.a.RequestMappingHandlerMapping - Mapped "{[/swagger-resources/configuration/security]}" onto public org.springframework.http.ResponseEntity<springfox.documentation.swagger.web.SecurityConfiguration> springfox.documentation.swagger.web.ApiResourceController.securityConfiguration() 
10:49:48.235 INFO  o.s.w.s.m.m.a.RequestMappingHandlerMapping - Mapped "{[/swagger-resources]}" onto public org.springframework.http.ResponseEntity<java.util.List<springfox.documentation.swagger.web.SwaggerResource>> springfox.documentation.swagger.web.ApiResourceController.swaggerResources() 
10:49:48.242 DEBUG o.s.w.s.m.m.a.RequestMappingHandlerMapping - 2 request handler methods found on class org.springframework.boot.autoconfigure.web.BasicErrorController: {public org.springframework.http.ResponseEntity org.springframework.boot.autoconfigure.web.BasicErrorController.error(javax.servlet.http.HttpServletRequest)={[/error]}, public org.springframework.web.servlet.ModelAndView org.springframework.boot.autoconfigure.web.BasicErrorController.errorHtml(javax.servlet.http.HttpServletRequest,javax.servlet.http.HttpServletResponse)={[/error],produces=[text/html]}} 
10:49:48.242 INFO  o.s.w.s.m.m.a.RequestMappingHandlerMapping - Mapped "{[/error]}" onto public org.springframework.http.ResponseEntity<java.util.Map<java.lang.String, java.lang.Object>> org.springframework.boot.autoconfigure.web.BasicErrorController.error(javax.servlet.http.HttpServletRequest) 
10:49:48.243 INFO  o.s.w.s.m.m.a.RequestMappingHandlerMapping - Mapped "{[/error],produces=[text/html]}" onto public org.springframework.web.servlet.ModelAndView org.springframework.boot.autoconfigure.web.BasicErrorController.errorHtml(javax.servlet.http.HttpServletRequest,javax.servlet.http.HttpServletResponse) 
10:49:49.465 INFO  o.s.w.s.m.m.a.RequestMappingHandlerAdapter - Looking for @ControllerAdvice: org.springframework.web.context.support.GenericWebApplicationContext@2fe7f973: startup date [Mon Jan 22 10:49:38 WIB 2018]; root of context hierarchy 
10:49:49.479 INFO  o.s.w.s.m.m.a.RequestMappingHandlerAdapter - Detected ResponseBodyAdvice bean in org.springframework.boot.actuate.autoconfigure.EndpointWebMvcHypermediaManagementContextConfiguration$ActuatorEndpointLinksAdvice 
10:49:49.551 DEBUG o.s.w.s.h.BeanNameUrlHandlerMapping - Looking for URL mappings in application context: org.springframework.web.context.support.GenericWebApplicationContext@2fe7f973: startup date [Mon Jan 22 10:49:38 WIB 2018]; root of context hierarchy 
10:49:49.553 DEBUG o.s.w.s.h.BeanNameUrlHandlerMapping - Rejected bean name 'org.springframework.boot.test.mock.mockito.MockitoPostProcessor$SpyPostProcessor': no URL paths identified 
10:49:49.553 DEBUG o.s.w.s.h.BeanNameUrlHandlerMapping - Rejected bean name 'org.springframework.boot.test.mock.mockito.MockitoPostProcessor': no URL paths identified 
10:49:49.554 DEBUG o.s.w.s.h.BeanNameUrlHandlerMapping - Rejected bean name 'org.springframework.context.annotation.internalConfigurationAnnotationProcessor': no URL paths identified 
10:49:49.554 DEBUG o.s.w.s.h.BeanNameUrlHandlerMapping - Rejected bean name 'org.springframework.context.annotation.internalAutowiredAnnotationProcessor': no URL paths identified 
10:49:49.555 DEBUG o.s.w.s.h.BeanNameUrlHandlerMapping - Rejected bean name 'org.springframework.context.annotation.internalRequiredAnnotationProcessor': no URL paths identified 
10:49:49.555 DEBUG o.s.w.s.h.BeanNameUrlHandlerMapping - Rejected bean name 'org.springframework.context.annotation.internalCommonAnnotationProcessor': no URL paths identified 
10:49:49.556 DEBUG o.s.w.s.h.BeanNameUrlHandlerMapping - Rejected bean name 'org.springframework.context.annotation.internalPersistenceAnnotationProcessor': no URL paths identified 
10:49:49.556 DEBUG o.s.w.s.h.BeanNameUrlHandlerMapping - Rejected bean name 'org.springframework.context.event.internalEventListenerProcessor': no URL paths identified 
10:49:49.557 DEBUG o.s.w.s.h.BeanNameUrlHandlerMapping - Rejected bean name 'org.springframework.context.event.internalEventListenerFactory': no URL paths identified 
10:49:49.557 DEBUG o.s.w.s.h.BeanNameUrlHandlerMapping - Rejected bean name 'vendorServiceApplication': no URL paths identified 
10:49:49.557 DEBUG o.s.w.s.h.BeanNameUrlHandlerMapping - Rejected bean name 'org.springframework.boot.autoconfigure.internalCachingMetadataReaderFactory': no URL paths identified 
10:49:49.558 DEBUG o.s.w.s.h.BeanNameUrlHandlerMapping - Rejected bean name 'swaggerConfig': no URL paths identified 
10:49:49.558 DEBUG o.s.w.s.h.BeanNameUrlHandlerMapping - Rejected bean name 'emailController': no URL paths identified 
10:49:49.558 DEBUG o.s.w.s.h.BeanNameUrlHandlerMapping - Rejected bean name 'personalIdController': no URL paths identified 
10:49:49.559 DEBUG o.s.w.s.h.BeanNameUrlHandlerMapping - Rejected bean name 'slackMessagingController': no URL paths identified 
10:49:49.560 DEBUG o.s.w.s.h.BeanNameUrlHandlerMapping - Rejected bean name 'smsController': no URL paths identified 
10:49:49.560 DEBUG o.s.w.s.h.BeanNameUrlHandlerMapping - Rejected bean name 'telkomselVerificationController': no URL paths identified 
10:49:49.560 DEBUG o.s.w.s.h.BeanNameUrlHandlerMapping - Rejected bean name 'twoFactorAuthController': no URL paths identified 
10:49:49.561 DEBUG o.s.w.s.h.BeanNameUrlHandlerMapping - Rejected bean name 'mrTemplateController': no URL paths identified 
10:49:49.561 DEBUG o.s.w.s.h.BeanNameUrlHandlerMapping - Rejected bean name 'logsSmsLinkService': no URL paths identified 
10:49:49.562 DEBUG o.s.w.s.h.BeanNameUrlHandlerMapping - Rejected bean name 'logsSmsSentService': no URL paths identified 
10:49:49.563 DEBUG o.s.w.s.h.BeanNameUrlHandlerMapping - Rejected bean name 'personalIdService': no URL paths identified 
10:49:49.564 DEBUG o.s.w.s.h.BeanNameUrlHandlerMapping - Rejected bean name 'twoFaService': no URL paths identified 
10:49:49.564 DEBUG o.s.w.s.h.BeanNameUrlHandlerMapping - Rejected bean name 'mrTemplateService': no URL paths identified 
10:49:49.564 DEBUG o.s.w.s.h.BeanNameUrlHandlerMapping - Rejected bean name 'licenseMapperImpl': no URL paths identified 
10:49:49.565 DEBUG o.s.w.s.h.BeanNameUrlHandlerMapping - Rejected bean name 'modelMapperImpl': no URL paths identified 
10:49:49.565 DEBUG o.s.w.s.h.BeanNameUrlHandlerMapping - Rejected bean name 'parameterMapperImpl': no URL paths identified 
10:49:49.565 DEBUG o.s.w.s.h.BeanNameUrlHandlerMapping - Rejected bean name 'securityMapperImpl': no URL paths identified 
10:49:49.566 DEBUG o.s.w.s.h.BeanNameUrlHandlerMapping - Rejected bean name 'serviceModelToSwagger2MapperImpl': no URL paths identified 
10:49:49.566 DEBUG o.s.w.s.h.BeanNameUrlHandlerMapping - Rejected bean name 'vendorExtensionsMapperImpl': no URL paths identified 
10:49:49.566 DEBUG o.s.w.s.h.BeanNameUrlHandlerMapping - Rejected bean name 'apiDescriptionLookup': no URL paths identified 
10:49:49.566 DEBUG o.s.w.s.h.BeanNameUrlHandlerMapping - Rejected bean name 'apiDescriptionReader': no URL paths identified 
10:49:49.567 DEBUG o.s.w.s.h.BeanNameUrlHandlerMapping - Rejected bean name 'apiDocumentationScanner': no URL paths identified 
10:49:49.567 DEBUG o.s.w.s.h.BeanNameUrlHandlerMapping - Rejected bean name 'apiListingReader': no URL paths identified 
10:49:49.569 DEBUG o.s.w.s.h.BeanNameUrlHandlerMapping - Rejected bean name 'apiListingReferenceScanner': no URL paths identified 
10:49:49.569 DEBUG o.s.w.s.h.BeanNameUrlHandlerMapping - Rejected bean name 'apiListingScanner': no URL paths identified 
10:49:49.570 DEBUG o.s.w.s.h.BeanNameUrlHandlerMapping - Rejected bean name 'apiModelReader': no URL paths identified 
10:49:49.570 DEBUG o.s.w.s.h.BeanNameUrlHandlerMapping - Rejected bean name 'cachingOperationReader': no URL paths identified 
10:49:49.571 DEBUG o.s.w.s.h.BeanNameUrlHandlerMapping - Rejected bean name 'mediaTypeReader': no URL paths identified 
10:49:49.571 DEBUG o.s.w.s.h.BeanNameUrlHandlerMapping - Rejected bean name 'apiOperationReader': no URL paths identified 
10:49:49.572 DEBUG o.s.w.s.h.BeanNameUrlHandlerMapping - Rejected bean name 'cachingOperationNameGenerator': no URL paths identified 
10:49:49.573 DEBUG o.s.w.s.h.BeanNameUrlHandlerMapping - Rejected bean name 'defaultOperationReader': no URL paths identified 
10:49:49.574 DEBUG o.s.w.s.h.BeanNameUrlHandlerMapping - Rejected bean name 'defaultTagsProvider': no URL paths identified 
10:49:49.574 DEBUG o.s.w.s.h.BeanNameUrlHandlerMapping - Rejected bean name 'operationDeprecatedReader': no URL paths identified 
10:49:49.575 DEBUG o.s.w.s.h.BeanNameUrlHandlerMapping - Rejected bean name 'operationModelsProvider': no URL paths identified 
10:49:49.578 DEBUG o.s.w.s.h.BeanNameUrlHandlerMapping - Rejected bean name 'operationParameterHeadersConditionReader': no URL paths identified 
10:49:49.580 DEBUG o.s.w.s.h.BeanNameUrlHandlerMapping - Rejected bean name 'operationParameterReader': no URL paths identified 
10:49:49.581 DEBUG o.s.w.s.h.BeanNameUrlHandlerMapping - Rejected bean name 'operationParameterRequestConditionReader': no URL paths identified 
10:49:49.582 DEBUG o.s.w.s.h.BeanNameUrlHandlerMapping - Rejected bean name 'operationResponseClassReader': no URL paths identified 
10:49:49.582 DEBUG o.s.w.s.h.BeanNameUrlHandlerMapping - Rejected bean name 'operationTagsReader': no URL paths identified 
10:49:49.584 DEBUG o.s.w.s.h.BeanNameUrlHandlerMapping - Rejected bean name 'responseMessagesReader': no URL paths identified 
10:49:49.584 DEBUG o.s.w.s.h.BeanNameUrlHandlerMapping - Rejected bean name 'expandedParameterBuilder': no URL paths identified 
10:49:49.585 DEBUG o.s.w.s.h.BeanNameUrlHandlerMapping - Rejected bean name 'modelAttributeParameterExpander': no URL paths identified 
10:49:49.585 DEBUG o.s.w.s.h.BeanNameUrlHandlerMapping - Rejected bean name 'parameterDataTypeReader': no URL paths identified 
10:49:49.585 DEBUG o.s.w.s.h.BeanNameUrlHandlerMapping - Rejected bean name 'parameterDefaultReader': no URL paths identified 
10:49:49.586 DEBUG o.s.w.s.h.BeanNameUrlHandlerMapping - Rejected bean name 'parameterMultiplesReader': no URL paths identified 
10:49:49.586 DEBUG o.s.w.s.h.BeanNameUrlHandlerMapping - Rejected bean name 'parameterNameReader': no URL paths identified 
10:49:49.586 DEBUG o.s.w.s.h.BeanNameUrlHandlerMapping - Rejected bean name 'parameterRequiredReader': no URL paths identified 
10:49:49.586 DEBUG o.s.w.s.h.BeanNameUrlHandlerMapping - Rejected bean name 'parameterTypeReader': no URL paths identified 
10:49:49.587 DEBUG o.s.w.s.h.BeanNameUrlHandlerMapping - Rejected bean name 'documentationPluginsBootstrapper': no URL paths identified 
10:49:49.588 DEBUG o.s.w.s.h.BeanNameUrlHandlerMapping - Rejected bean name 'documentationPluginsManager': no URL paths identified 
10:49:49.588 DEBUG o.s.w.s.h.BeanNameUrlHandlerMapping - Rejected bean name 'webMvcRequestHandlerProvider': no URL paths identified 
10:49:49.589 DEBUG o.s.w.s.h.BeanNameUrlHandlerMapping - Rejected bean name 'operationPathDecorator': no URL paths identified 
10:49:49.597 DEBUG o.s.w.s.h.BeanNameUrlHandlerMapping - Rejected bean name 'pathMappingDecorator': no URL paths identified 
10:49:49.599 DEBUG o.s.w.s.h.BeanNameUrlHandlerMapping - Rejected bean name 'pathSanitizer': no URL paths identified 
10:49:49.599 DEBUG o.s.w.s.h.BeanNameUrlHandlerMapping - Rejected bean name 'queryStringUriTemplateDecorator': no URL paths identified 
10:49:49.600 DEBUG o.s.w.s.h.BeanNameUrlHandlerMapping - Rejected bean name 'cachingModelDependencyProvider': no URL paths identified 
10:49:49.601 DEBUG o.s.w.s.h.BeanNameUrlHandlerMapping - Rejected bean name 'cachingModelProvider': no URL paths identified 
10:49:49.601 DEBUG o.s.w.s.h.BeanNameUrlHandlerMapping - Rejected bean name 'defaultModelDependencyProvider': no URL paths identified 
10:49:49.601 DEBUG o.s.w.s.h.BeanNameUrlHandlerMapping - Rejected bean name 'defaultModelProvider': no URL paths identified 
10:49:49.601 DEBUG o.s.w.s.h.BeanNameUrlHandlerMapping - Rejected bean name 'schemaPluginsManager': no URL paths identified 
10:49:49.602 DEBUG o.s.w.s.h.BeanNameUrlHandlerMapping - Rejected bean name 'accessorsProvider': no URL paths identified 
10:49:49.602 DEBUG o.s.w.s.h.BeanNameUrlHandlerMapping - Rejected bean name 'cachingModelPropertiesProvider': no URL paths identified 
10:49:49.603 DEBUG o.s.w.s.h.BeanNameUrlHandlerMapping - Rejected bean name 'factoryMethodProvider': no URL paths identified 
10:49:49.603 DEBUG o.s.w.s.h.BeanNameUrlHandlerMapping - Rejected bean name 'fieldProvider': no URL paths identified 
10:49:49.603 DEBUG o.s.w.s.h.BeanNameUrlHandlerMapping - Rejected bean name 'objectMapperBeanPropertyNamingStrategy': no URL paths identified 
10:49:49.604 DEBUG o.s.w.s.h.BeanNameUrlHandlerMapping - Rejected bean name 'optimized': no URL paths identified 
[...]
10:49:49.694 DEBUG o.s.w.s.h.BeanNameUrlHandlerMapping - Rejected bean name 'org.springframework.boot.autoconfigure.hateoas.HypermediaHttpMessageConverterConfiguration': no URL paths identified 
10:49:49.694 DEBUG o.s.w.s.h.BeanNameUrlHandlerMapping - Rejected bean name 'halMessageConverterSupportedMediaTypeCustomizer': no URL paths identified 
10:49:49.694 DEBUG o.s.w.s.h.BeanNameUrlHandlerMapping - Rejected bean name 'org.springframework.boot.autoconfigure.hateoas.HypermediaAutoConfiguration': no URL paths identified 
10:49:49.694 DEBUG o.s.w.s.h.BeanNameUrlHandlerMapping - Rejected bean name 'spring.hateoas-org.springframework.boot.autoconfigure.hateoas.HateoasProperties': no URL paths identified 
10:49:49.694 DEBUG o.s.w.s.h.BeanNameUrlHandlerMapping - Rejected bean name 'org.springframework.boot.actuate.autoconfigure.EndpointWebMvcManagementContextConfiguration': no URL paths identified 
10:49:49.694 DEBUG o.s.w.s.h.BeanNameUrlHandlerMapping - Rejected bean name 'endpointHandlerMapping': no URL paths identified 
10:49:49.694 DEBUG o.s.w.s.h.BeanNameUrlHandlerMapping - Rejected bean name 'mvcEndpoints': no URL paths identified 
10:49:49.694 DEBUG o.s.w.s.h.BeanNameUrlHandlerMapping - Rejected bean name 'environmentMvcEndpoint': no URL paths identified 
10:49:49.694 DEBUG o.s.w.s.h.BeanNameUrlHandlerMapping - Rejected bean name 'heapdumpMvcEndpoint': no URL paths identified 
10:49:49.694 DEBUG o.s.w.s.h.BeanNameUrlHandlerMapping - Rejected bean name 'healthMvcEndpoint': no URL paths identified 
10:49:49.698 DEBUG o.s.w.s.h.BeanNameUrlHandlerMapping - Rejected bean name 'loggersMvcEndpoint': no URL paths identified 
10:49:49.698 DEBUG o.s.w.s.h.BeanNameUrlHandlerMapping - Rejected bean name 'metricsMvcEndpoint': no URL paths identified 
10:49:49.698 DEBUG o.s.w.s.h.BeanNameUrlHandlerMapping - Rejected bean name 'auditEventMvcEndpoint': no URL paths identified 
10:49:49.698 DEBUG o.s.w.s.h.BeanNameUrlHandlerMapping - Rejected bean name 'endpoints.health-org.springframework.boot.actuate.autoconfigure.HealthMvcEndpointProperties': no URL paths identified 
10:49:49.698 DEBUG o.s.w.s.h.BeanNameUrlHandlerMapping - Rejected bean name 'endpoints.cors-org.springframework.boot.actuate.autoconfigure.EndpointCorsProperties': no URL paths identified 
10:49:49.698 DEBUG o.s.w.s.h.BeanNameUrlHandlerMapping - Rejected bean name 'org.springframework.boot.actuate.autoconfigure.EndpointWebMvcHypermediaManagementContextConfiguration$ActuatorEndpointLinksAdvice': no URL paths identified 
10:49:49.698 DEBUG o.s.w.s.h.BeanNameUrlHandlerMapping - Rejected bean name 'org.springframework.boot.actuate.autoconfigure.EndpointWebMvcHypermediaManagementContextConfiguration$DocsMvcEndpointConfiguration': no URL paths identified 
10:49:49.698 DEBUG o.s.w.s.h.BeanNameUrlHandlerMapping - Rejected bean name 'org.springframework.boot.actuate.autoconfigure.EndpointWebMvcHypermediaManagementContextConfiguration': no URL paths identified 
10:49:49.698 DEBUG o.s.w.s.h.BeanNameUrlHandlerMapping - Rejected bean name 'managementServletContext': no URL paths identified 
10:49:49.698 DEBUG o.s.w.s.h.BeanNameUrlHandlerMapping - Rejected bean name 'halJsonMvcEndpoint': no URL paths identified 
10:49:49.699 DEBUG o.s.w.s.h.BeanNameUrlHandlerMapping - Rejected bean name 'org.springframework.boot.actuate.autoconfigure.EndpointWebMvcAutoConfiguration$EndpointWebMvcConfiguration': no URL paths identified 
10:49:49.699 DEBUG o.s.w.s.h.BeanNameUrlHandlerMapping - Rejected bean name 'org.springframework.boot.actuate.autoconfigure.EndpointWebMvcAutoConfiguration$ApplicationContextFilterConfiguration': no URL paths identified 
10:49:49.699 DEBUG o.s.w.s.h.BeanNameUrlHandlerMapping - Rejected bean name 'applicationContextIdFilter': no URL paths identified 
10:49:49.699 DEBUG o.s.w.s.h.BeanNameUrlHandlerMapping - Rejected bean name 'org.springframework.boot.actuate.autoconfigure.EndpointWebMvcAutoConfiguration': no URL paths identified 
10:49:49.699 DEBUG o.s.w.s.h.BeanNameUrlHandlerMapping - Rejected bean name 'managementContextResolver': no URL paths identified 
10:49:49.699 DEBUG o.s.w.s.h.BeanNameUrlHandlerMapping - Rejected bean name 'org.springframework.boot.actuate.autoconfigure.MetricExportAutoConfiguration$MetricExportPropertiesConfiguration': no URL paths identified 
10:49:49.699 DEBUG o.s.w.s.h.BeanNameUrlHandlerMapping - Rejected bean name 'spring.metrics.export-org.springframework.boot.actuate.metrics.export.MetricExportProperties': no URL paths identified 
10:49:49.699 DEBUG o.s.w.s.h.BeanNameUrlHandlerMapping - Rejected bean name 'org.springframework.boot.actuate.autoconfigure.MetricExportAutoConfiguration$StatsdConfiguration': no URL paths identified 
10:49:49.699 DEBUG o.s.w.s.h.BeanNameUrlHandlerMapping - Rejected bean name 'org.springframework.scheduling.annotation.SchedulingConfiguration': no URL paths identified 
10:49:49.699 DEBUG o.s.w.s.h.BeanNameUrlHandlerMapping - Rejected bean name 'org.springframework.context.annotation.internalScheduledAnnotationProcessor': no URL paths identified 
10:49:49.699 DEBUG o.s.w.s.h.BeanNameUrlHandlerMapping - Rejected bean name 'org.springframework.boot.actuate.autoconfigure.MetricExportAutoConfiguration': no URL paths identified 
10:49:49.699 DEBUG o.s.w.s.h.BeanNameUrlHandlerMapping - Rejected bean name 'metricWritersMetricExporter': no URL paths identified 
10:49:49.699 DEBUG o.s.w.s.h.BeanNameUrlHandlerMapping - Rejected bean name 'org.springframework.boot.actuate.autoconfigure.MetricFilterAutoConfiguration': no URL paths identified 
10:49:49.699 DEBUG o.s.w.s.h.BeanNameUrlHandlerMapping - Rejected bean name 'metricsFilter': no URL paths identified 
10:49:49.699 DEBUG o.s.w.s.h.BeanNameUrlHandlerMapping - Rejected bean name 'endpoints.metrics.filter-org.springframework.boot.actuate.autoconfigure.MetricFilterProperties': no URL paths identified 
10:49:49.699 DEBUG o.s.w.s.h.BeanNameUrlHandlerMapping - Rejected bean name 'org.springframework.boot.actuate.autoconfigure.TraceRepositoryAutoConfiguration': no URL paths identified 
10:49:49.699 DEBUG o.s.w.s.h.BeanNameUrlHandlerMapping - Rejected bean name 'traceRepository': no URL paths identified 
10:49:49.699 DEBUG o.s.w.s.h.BeanNameUrlHandlerMapping - Rejected bean name 'org.springframework.boot.actuate.autoconfigure.TraceWebFilterAutoConfiguration': no URL paths identified 
10:49:49.699 DEBUG o.s.w.s.h.BeanNameUrlHandlerMapping - Rejected bean name 'webRequestLoggingFilter': no URL paths identified 
10:49:49.699 DEBUG o.s.w.s.h.BeanNameUrlHandlerMapping - Rejected bean name 'management.trace-org.springframework.boot.actuate.trace.TraceProperties': no URL paths identified 
10:49:49.699 DEBUG o.s.w.s.h.BeanNameUrlHandlerMapping - Rejected bean name 'org.springframework.boot.autoconfigure.aop.AopAutoConfiguration$JdkDynamicAutoProxyConfiguration': no URL paths identified 
10:49:49.699 DEBUG o.s.w.s.h.BeanNameUrlHandlerMapping - Rejected bean name 'org.springframework.aop.config.internalAutoProxyCreator': no URL paths identified 
10:49:49.699 DEBUG o.s.w.s.h.BeanNameUrlHandlerMapping - Rejected bean name 'org.springframework.boot.autoconfigure.aop.AopAutoConfiguration': no URL paths identified 
10:49:49.699 DEBUG o.s.w.s.h.BeanNameUrlHandlerMapping - Rejected bean name 'org.springframework.boot.autoconfigure.context.ConfigurationPropertiesAutoConfiguration': no URL paths identified 
10:49:49.699 DEBUG o.s.w.s.h.BeanNameUrlHandlerMapping - Rejected bean name 'org.springframework.boot.autoconfigure.dao.PersistenceExceptionTranslationAutoConfiguration': no URL paths identified 
10:49:49.699 DEBUG o.s.w.s.h.BeanNameUrlHandlerMapping - Rejected bean name 'persistenceExceptionTranslationPostProcessor': no URL paths identified 
10:49:49.699 DEBUG o.s.w.s.h.BeanNameUrlHandlerMapping - Rejected bean name 'org.springframework.boot.autoconfigure.data.jpa.JpaRepositoriesAutoConfiguration': no URL paths identified 
10:49:49.699 DEBUG o.s.w.s.h.BeanNameUrlHandlerMapping - Rejected bean name 'emBeanDefinitionRegistrarPostProcessor': no URL paths identified 
10:49:49.699 DEBUG o.s.w.s.h.BeanNameUrlHandlerMapping - Rejected bean name 'jpaMappingContext': no URL paths identified 
10:49:49.699 DEBUG o.s.w.s.h.BeanNameUrlHandlerMapping - Rejected bean name 'jpaContext': no URL paths identified 
10:49:49.699 DEBUG o.s.w.s.h.BeanNameUrlHandlerMapping - Rejected bean name 'logsSmsLinkRepository': no URL paths identified 
10:49:49.699 DEBUG o.s.w.s.h.BeanNameUrlHandlerMapping - Rejected bean name 'logsSmsSentRepository': no URL paths identified 
10:49:49.700 DEBUG o.s.w.s.h.BeanNameUrlHandlerMapping - Rejected bean name 'telkomselSubscriberRepository': no URL paths identified 
10:49:49.701 DEBUG o.s.w.s.h.BeanNameUrlHandlerMapping - Rejected bean name 'mrTemplateRepository': no URL paths identified 
10:49:49.702 DEBUG o.s.w.s.h.BeanNameUrlHandlerMapping - Rejected bean name 'telkomselCallbackRepository': no URL paths identified 
10:49:49.702 DEBUG o.s.w.s.h.BeanNameUrlHandlerMapping - Rejected bean name 'org.springframework.boot.autoconfigure.jdbc.DataSourceTransactionManagerAutoConfiguration$DataSourceTransactionManagerConfiguration': no URL paths identified 
10:49:49.702 DEBUG o.s.w.s.h.BeanNameUrlHandlerMapping - Rejected bean name 'org.springframework.boot.autoconfigure.jdbc.DataSourceTransactionManagerAutoConfiguration': no URL paths identified 
10:49:49.702 DEBUG o.s.w.s.h.BeanNameUrlHandlerMapping - Rejected bean name 'org.springframework.boot.autoconfigure.jdbc.JdbcTemplateAutoConfiguration': no URL paths identified 
10:49:49.702 DEBUG o.s.w.s.h.BeanNameUrlHandlerMapping - Rejected bean name 'jdbcTemplate': no URL paths identified 
10:49:49.702 DEBUG o.s.w.s.h.BeanNameUrlHandlerMapping - Rejected bean name 'namedParameterJdbcTemplate': no URL paths identified 
10:49:49.702 DEBUG o.s.w.s.h.BeanNameUrlHandlerMapping - Rejected bean name 'org.springframework.transaction.annotation.ProxyTransactionManagementConfiguration': no URL paths identified 
10:49:49.702 DEBUG o.s.w.s.h.BeanNameUrlHandlerMapping - Rejected bean name 'org.springframework.transaction.config.internalTransactionAdvisor': no URL paths identified 
10:49:49.702 DEBUG o.s.w.s.h.BeanNameUrlHandlerMapping - Rejected bean name 'transactionAttributeSource': no URL paths identified 
10:49:49.702 DEBUG o.s.w.s.h.BeanNameUrlHandlerMapping - Rejected bean name 'transactionInterceptor': no URL paths identified 
10:49:49.702 DEBUG o.s.w.s.h.BeanNameUrlHandlerMapping - Rejected bean name 'org.springframework.transaction.config.internalTransactionalEventListenerFactory': no URL paths identified 
10:49:49.702 DEBUG o.s.w.s.h.BeanNameUrlHandlerMapping - Rejected bean name 'org.springframework.boot.autoconfigure.transaction.TransactionAutoConfiguration$EnableTransactionManagementConfiguration$CglibAutoProxyConfiguration': no URL paths identified 
10:49:49.702 DEBUG o.s.w.s.h.BeanNameUrlHandlerMapping - Rejected bean name 'org.springframework.boot.autoconfigure.transaction.TransactionAutoConfiguration$EnableTransactionManagementConfiguration': no URL paths identified 
10:49:49.702 DEBUG o.s.w.s.h.BeanNameUrlHandlerMapping - Rejected bean name 'org.springframework.boot.autoconfigure.transaction.TransactionAutoConfiguration$TransactionTemplateConfiguration': no URL paths identified 
10:49:49.702 DEBUG o.s.w.s.h.BeanNameUrlHandlerMapping - Rejected bean name 'transactionTemplate': no URL paths identified 
10:49:49.702 DEBUG o.s.w.s.h.BeanNameUrlHandlerMapping - Rejected bean name 'org.springframework.boot.autoconfigure.transaction.TransactionAutoConfiguration': no URL paths identified 
10:49:49.702 DEBUG o.s.w.s.h.BeanNameUrlHandlerMapping - Rejected bean name 'platformTransactionManagerCustomizers': no URL paths identified 
10:49:49.702 DEBUG o.s.w.s.h.BeanNameUrlHandlerMapping - Rejected bean name 'spring.transaction-org.springframework.boot.autoconfigure.transaction.TransactionProperties': no URL paths identified 
10:49:49.702 DEBUG o.s.w.s.h.BeanNameUrlHandlerMapping - Rejected bean name 'org.springframework.boot.autoconfigure.web.HttpEncodingAutoConfiguration': no URL paths identified 
10:49:49.708 DEBUG o.s.w.s.h.BeanNameUrlHandlerMapping - Rejected bean name 'characterEncodingFilter': no URL paths identified 
10:49:49.708 DEBUG o.s.w.s.h.BeanNameUrlHandlerMapping - Rejected bean name 'localeCharsetMappingsCustomizer': no URL paths identified 
10:49:49.708 DEBUG o.s.w.s.h.BeanNameUrlHandlerMapping - Rejected bean name 'org.springframework.boot.autoconfigure.web.MultipartAutoConfiguration': no URL paths identified 
10:49:49.708 DEBUG o.s.w.s.h.BeanNameUrlHandlerMapping - Rejected bean name 'multipartConfigElement': no URL paths identified 
10:49:49.708 DEBUG o.s.w.s.h.BeanNameUrlHandlerMapping - Rejected bean name 'multipartResolver': no URL paths identified 
10:49:49.708 DEBUG o.s.w.s.h.BeanNameUrlHandlerMapping - Rejected bean name 'spring.http.multipart-org.springframework.boot.autoconfigure.web.MultipartProperties': no URL paths identified 
10:49:49.709 DEBUG o.s.w.s.h.BeanNameUrlHandlerMapping - Rejected bean name 'org.springframework.boot.autoconfigure.web.WebClientAutoConfiguration$RestTemplateConfiguration': no URL paths identified 
10:49:49.709 DEBUG o.s.w.s.h.BeanNameUrlHandlerMapping - Rejected bean name 'restTemplateBuilder': no URL paths identified 
10:49:49.709 DEBUG o.s.w.s.h.BeanNameUrlHandlerMapping - Rejected bean name 'org.springframework.boot.autoconfigure.web.WebClientAutoConfiguration': no URL paths identified 
10:49:49.709 DEBUG o.s.w.s.h.BeanNameUrlHandlerMapping - Rejected bean name 'org.springframework.boot.devtools.autoconfigure.DevToolsDataSourceAutoConfiguration$DatabaseShutdownExecutorJpaDependencyConfiguration': no URL paths identified 
10:49:49.709 DEBUG o.s.w.s.h.BeanNameUrlHandlerMapping - Rejected bean name 'org.springframework.boot.devtools.autoconfigure.DevToolsDataSourceAutoConfiguration': no URL paths identified 
10:49:49.709 DEBUG o.s.w.s.h.BeanNameUrlHandlerMapping - Rejected bean name 'inMemoryDatabaseShutdownExecutor': no URL paths identified 
10:49:49.709 DEBUG o.s.w.s.h.BeanNameUrlHandlerMapping - Rejected bean name 'org.springframework.orm.jpa.SharedEntityManagerCreator#0': no URL paths identified 
10:49:49.709 DEBUG o.s.w.s.h.BeanNameUrlHandlerMapping - Rejected bean name 'autoConfigurationReport': no URL paths identified 
10:49:49.709 DEBUG o.s.w.s.h.BeanNameUrlHandlerMapping - Rejected bean name 'org.springframework.boot.test.autoconfigure.properties.PropertyMappingContextCustomizer$PropertyMappingCheckBeanPostProcessor': no URL paths identified 
10:49:49.709 DEBUG o.s.w.s.h.BeanNameUrlHandlerMapping - Rejected bean name 'org.springframework.boot.test.context.filter.TestTypeExcludeFilter': no URL paths identified 
10:49:49.709 DEBUG o.s.w.s.h.BeanNameUrlHandlerMapping - Rejected bean name 'springApplicationArguments': no URL paths identified 
10:49:49.709 DEBUG o.s.w.s.h.BeanNameUrlHandlerMapping - Rejected bean name 'springBootLoggingSystem': no URL paths identified 
10:49:49.709 DEBUG o.s.w.s.h.BeanNameUrlHandlerMapping - Rejected bean name 'environment': no URL paths identified 
10:49:49.709 DEBUG o.s.w.s.h.BeanNameUrlHandlerMapping - Rejected bean name 'systemProperties': no URL paths identified 
10:49:49.709 DEBUG o.s.w.s.h.BeanNameUrlHandlerMapping - Rejected bean name 'systemEnvironment': no URL paths identified 
10:49:49.709 DEBUG o.s.w.s.h.BeanNameUrlHandlerMapping - Rejected bean name 'servletContext': no URL paths identified 
10:49:49.709 DEBUG o.s.w.s.h.BeanNameUrlHandlerMapping - Rejected bean name 'contextParameters': no URL paths identified 
10:49:49.709 DEBUG o.s.w.s.h.BeanNameUrlHandlerMapping - Rejected bean name 'contextAttributes': no URL paths identified 
10:49:49.709 DEBUG o.s.w.s.h.BeanNameUrlHandlerMapping - Rejected bean name 'org.springframework.context.annotation.ConfigurationClassPostProcessor.importRegistry': no URL paths identified 
10:49:49.709 DEBUG o.s.w.s.h.BeanNameUrlHandlerMapping - Rejected bean name 'org.springframework.boot.test.mock.mockito.MockitoBeans': no URL paths identified 
10:49:49.709 DEBUG o.s.w.s.h.BeanNameUrlHandlerMapping - Rejected bean name 'messageSource': no URL paths identified 
10:49:49.709 DEBUG o.s.w.s.h.BeanNameUrlHandlerMapping - Rejected bean name 'applicationEventMulticaster': no URL paths identified 
10:49:49.732 INFO  o.s.w.s.h.SimpleUrlHandlerMapping - Mapped URL path [/webjars/**] onto handler of type [class org.springframework.web.servlet.resource.ResourceHttpRequestHandler] 
10:49:49.733 INFO  o.s.w.s.h.SimpleUrlHandlerMapping - Mapped URL path [/**] onto handler of type [class org.springframework.web.servlet.resource.ResourceHttpRequestHandler] 
10:49:49.753 DEBUG o.s.w.s.m.m.a.ExceptionHandlerExceptionResolver - Looking for exception mappings: org.springframework.web.context.support.GenericWebApplicationContext@2fe7f973: startup date [Mon Jan 22 10:49:38 WIB 2018]; root of context hierarchy 
10:49:49.764 INFO  o.s.w.s.m.m.a.ExceptionHandlerExceptionResolver - Detected @ExceptionHandler methods in repositoryRestExceptionHandler 
10:49:49.764 INFO  o.s.w.s.m.m.a.ExceptionHandlerExceptionResolver - Detected ResponseBodyAdvice implementation in org.springframework.boot.actuate.autoconfigure.EndpointWebMvcHypermediaManagementContextConfiguration$ActuatorEndpointLinksAdvice 
10:49:49.890 INFO  o.s.w.s.h.SimpleUrlHandlerMapping - Mapped URL path [/**/favicon.ico] onto handler of type [class org.springframework.web.servlet.resource.ResourceHttpRequestHandler] 
10:49:50.659 DEBUG o.s.w.c.s.GenericWebApplicationContext - Unable to locate LifecycleProcessor with name 'lifecycleProcessor': using default [org.springframework.context.support.DefaultLifecycleProcessor@56946f6f] 
10:49:51.045 WARN  s.d.s.p.CachingModelPropertiesProvider - Exception calculating properties for model(com.uangteman.vendor.dto.request.RegisterApplicationRequest) -> ModelContext{groupName=default, type=com.uangteman.vendor.dto.request.RegisterApplicationRequest, isReturnType=false}. java.lang.IllegalArgumentException: Multiple fields representing property "name": com.uangteman.vendor.dto.request.RegisterApplicationRequest#applicationName vs com.uangteman.vendor.dto.request.RegisterApplicationRequest#configuration 
10:49:51.048 WARN  s.d.s.p.CachingModelPropertiesProvider - Exception calculating properties for model(com.uangteman.vendor.dto.request.RegisterApplicationRequest) -> ModelContext{groupName=default, type=com.uangteman.vendor.dto.request.RegisterApplicationRequest, isReturnType=false}. java.lang.IllegalArgumentException: Multiple fields representing property "name": com.uangteman.vendor.dto.request.RegisterApplicationRequest#applicationName vs com.uangteman.vendor.dto.request.RegisterApplicationRequest#configuration 
10:49:51.109 DEBUG o.s.w.s.resource.ResourceUrlProvider - Looking for resource handler mappings 
10:49:51.110 DEBUG o.s.w.s.resource.ResourceUrlProvider - Found resource handler mapping: URL pattern="/**/favicon.ico", locations=[ServletContext resource [/], class path resource [META-INF/resources/], class path resource [resources/], class path resource [static/], class path resource [public/], class path resource []], resolvers=[org.springframework.web.servlet.resource.PathResourceResolver@495dcdd1] 
10:49:51.111 DEBUG o.s.w.s.resource.ResourceUrlProvider - Found resource handler mapping: URL pattern="/webjars/**", locations=[class path resource [META-INF/resources/webjars/]], resolvers=[org.springframework.web.servlet.resource.PathResourceResolver@57e50655] 
10:49:51.111 DEBUG o.s.w.s.resource.ResourceUrlProvider - Found resource handler mapping: URL pattern="/**", locations=[ServletContext resource [/], class path resource [META-INF/resources/], class path resource [resources/], class path resource [static/], class path resource [public/]], resolvers=[org.springframework.web.servlet.resource.PathResourceResolver@17af8936] 
]]></system-out>
  <system-err><![CDATA[]]></system-err>
</testsuite>
